#
# A fatal error has been detected by the Java Runtime Environment:
#
#  EXCEPTION_ACCESS_VIOLATION (0xc0000005) at pc=0x00000159e09d0f0f, pid=10744, tid=13172
#
# JRE version: OpenJDK Runtime Environment Temurin-25.0.2+10 (25.0.2+10) (build 25.0.2+10-LTS)
# Java VM: OpenJDK 64-Bit Server VM Temurin-25.0.2+10 (25.0.2+10-LTS, mixed mode, emulated-client, sharing, tiered, compressed oops, compressed class ptrs, g1 gc, windows-amd64)
# Problematic frame:
# v  ~MethodHandlesAdapterBlob 0x00000159e09d0f0f
#
# No core dump will be written. Minidumps are not enabled by default on client versions of Windows
#
# If you would like to submit a bug report, please visit:
#   https://github.com/adoptium/adoptium-support/issues
#

---------------  S U M M A R Y ------------

Command Line: -XX:+ShowCodeDetailsInExceptionMessages -agentlib:jdwp=transport=dt_socket,suspend=y,address=localhost:52727 -Dcom.sun.management.jmxremote -Dcom.sun.management.jmxremote.port=52726 -Dcom.sun.management.jmxremote.authenticate=false -Dcom.sun.management.jmxremote.ssl=false -Djava.rmi.server.hostname=localhost -Dspring.jmx.enabled=true -Dmanagement.endpoints.jmx.exposure.include=* -Dspring.application.admin.enabled=true -Dspring.output.ansi.enabled=always -XX:TieredStopAtLevel=1 -Dspring.boot.project.name=hello-spring -javaagent:C:\DevPrograms\sts-5.1.1.RELEASE\configuration\org.eclipse.osgi\280\0\.cp\lib\javaagent-shaded.jar -Dfile.encoding=UTF-8 -Dstdout.encoding=UTF-8 -Dstderr.encoding=UTF-8 com.ktdsuniversity.edu.HelloSpringApplication

Host: Intel(R) Core(TM) i7-9700 CPU @ 3.00GHz, 8 cores, 31G,  Windows 10 , 64 bit Build 19041 (10.0.19041.5915)
Time: Tue Mar 31 14:45:40 2026 elapsed time: 3396.716038 seconds (0d 0h 56m 36s)

---------------  T H R E A D  ---------------

Current thread (0x00000159f73be480):  JavaThread "restartedMain"        [_thread_in_Java, id=13172, stack(0x00000017a9200000,0x00000017a9300000) (1024K)]

Stack: [0x00000017a9200000,0x00000017a9300000],  sp=0x00000017a92fdb58,  free space=1014k
Native frames: (J=compiled Java code, j=interpreted, Vv=VM code, C=native code)
C  0x00000159e09d0f0f  (no source info available)

The last pc belongs to _linkToSpecial (printed below).

siginfo: EXCEPTION_ACCESS_VIOLATION (0xc0000005), reading address 0xfffffffffffffff7


Registers:
RAX=0x00000159e09a9346, RBX=0x0000000603a37478, RCX=0xfffffffffffffff7, RDX=0x0000000000000002
RSP=0x00000017a92fdb58, RBP=0x00000017a92fdba8, RSI=0x00000159f57eef38, RDI=0x00000159f6e5f2a0
R8 =0x0000000000000003, R9 =0x00000159f7c23b70, R10=0x00007ffd9b856850, R11=0x0000000000000004
R12=0x0000000000000000, R13=0x00000017a92fdb58, R14=0x00000017a92fdbc8, R15=0x00000159f73be480
RIP=0x00000159e09d0f0f, EFLAGS=0x0000000000010246

XMM[0]=0x0000000000000000 0x0000000000000000
XMM[1]=0x0000000000000000 0x0000000000000000
XMM[2]=0x0000000000000000 0x0000000000000000
XMM[3]=0x0000000000000000 0x0000000000000000
XMM[4]=0x0000000000000000 0x0000000000000000
XMM[5]=0x0000000000000000 0x0000000000000000
XMM[6]=0x0000000000000000 0x0000000000000000
XMM[7]=0x0000000000000000 0x0000000000000000
XMM[8]=0x0000000000000000 0x0000000000000000
XMM[9]=0x0000000000000000 0x0000000000000000
XMM[10]=0x0000000000000000 0x0000000000000000
XMM[11]=0x0000000000000000 0x0000000000000000
XMM[12]=0x0000000000000000 0x0000000000000000
XMM[13]=0x0000000000000000 0x0000000000000000
XMM[14]=0x0000000000000000 0x0000000000000000
XMM[15]=0x0000000000000000 0x0000000000000000
  MXCSR=0x00001fa0


Register to memory mapping:

RAX=0x00000159e09a9346 is at code_begin+3174 in an Interpreter codelet
return entry points  [0x00000159e09a86e0, 0x00000159e09aa5e8]  7944 bytes
RBX=0x0000000603a37478 is an oop: com.ktdsuniversity.edu.board.service.BoardServiceImpl 
{0x0000000603a37478} - klass: 'com/ktdsuniversity/edu/board/service/BoardServiceImpl' - flags: 

 - ---- fields (total size 3 words):
 - private 'boardDao' 'Lcom/ktdsuniversity/edu/board/dao/BoardDao;' @12  null (0x00000000)
 - private 'filesDao' 'LFilesDao;' @16  null (0x00000000)
RCX=0xfffffffffffffff7 is an unknown value
RDX=0x0000000000000002 is an unknown value
RSP=0x00000017a92fdb58 is pointing into the stack for thread: 0x00000159f73be480
RBP=0x00000017a92fdba8 is pointing into the stack for thread: 0x00000159f73be480
RSI=0x00000159f57eef38 points into unknown readable memory: 0x80001200f35fc09f | 9f c0 5f f3 00 12 00 80
RDI=0x00000159f6e5f2a0 points into unknown readable memory: 0x0000001800000070 | 70 00 00 00 18 00 00 00
R8 =0x0000000000000003 is an unknown value
R9 =0x00000159f7c23b70 points into unknown readable memory: 0x0000001e00000003 | 03 00 00 00 1e 00 00 00
R10=0x00007ffd9b856850 jvm.dll
R11=0x0000000000000004 is an unknown value
R12=0x0 is null
R13=0x00000017a92fdb58 is pointing into the stack for thread: 0x00000159f73be480
R14=0x00000017a92fdbc8 is pointing into the stack for thread: 0x00000159f73be480
R15=0x00000159f73be480 is a thread

Top of Stack: (sp=0x00000017a92fdb58)
0x00000017a92fdb58:   00000159e09a9346 fffffffffffffff7   F...Y...........
0x00000017a92fdb68:   000000002c841e9f 0000000000000004   ...,............
0x00000017a92fdb78:   000000002c2137e8 0000000601393558   .7!,....X59.....
0x00000017a92fdb88:   00000006010cbea0 000000002c215508   .........U!,....
0x00000017a92fdb98:   fffffffffffffff6 00000017a92fdbd0   ........../.....
0x00000017a92fdba8:   00000017a92fefb0 00000159e0cfdd2b   ../.....+...Y...
0x00000017a92fdbb8:   0000000603a373d0 0000000603a37478   .s......xt......
0x00000017a92fdbc8:   0000000603a37430 00000017a92fefb0   0t......../.....
0x00000017a92fdbd8:   00000159e0cf60dc 0000000603a370d8   .`..Y....p......
0x00000017a92fdbe8:   00007ffd00000000 00000017a92fefb0   ........../.....
0x00000017a92fdbf8:   00000159e1170fec 000000060145b488   ....Y.....E.....
0x00000017a92fdc08:   0000000003a370d8 00000017a92fdca0   .p......../.....
0x00000017a92fdc18:   00007ffd9b13708a 00000017a92fdca0   .p......../.....
0x00000017a92fdc28:   0000000603a370d8 00000006059ce908   .p..............
0x00000017a92fdc38:   000000002c1bd708 000000060192dd28   ...,....(.......
0x00000017a92fdc48:   00000159f73be480 00000006010a7ad8   ..;.Y....z......
0x00000017a92fdc58:   00000006059ce908 0000000603a37078   ........xp......
0x00000017a92fdc68:   0000000603a37078 00000006059ce908   xp..............
0x00000017a92fdc78:   0000000600000000 0000000603a37460   ........`t......
0x00000017a92fdc88:   0000000603a37208 00000017a92fefb0   .r......../.....
0x00000017a92fdc98:   00000159e1170ab4 0000000000000000   ....Y...........
0x00000017a92fdca8:   0000000000000000 00000017a92fefb0   ........../.....
0x00000017a92fdcb8:   00000159e0cf54fc 0000000603a37430   .T..Y...0t......
0x00000017a92fdcc8:   0000000000000000 0000000000000000   ................
0x00000017a92fdcd8:   00000159e0f2cd00 00000159f73be480   ....Y.....;.Y...
0x00000017a92fdce8:   0000000000000000 0000000603a371b0   .........q......
0x00000017a92fdcf8:   0000000000000000 0000000603a37078   ........xp......
0x00000017a92fdd08:   0000000603a37460 0000000603a371b0   `t.......q......
0x00000017a92fdd18:   0000000000000000 0000000601694800   .........Hi.....
0x00000017a92fdd28:   00000159e0cfd41c 00000017a92fefb0   ....Y...../.....
0x00000017a92fdd38:   00000159e0cf5c8a 0000000000000000   .\..Y...........
0x00000017a92fdd48:   00000159e0cb07ff 00000017a92fefb0   ....Y...../.....

Instructions: (pc=0x00000159e09d0f0f)
  0x00000159e09d0e0f:   48 c1 e3 03 8b 5b 28 48 c1 e3 03 8b 5b 24 48 c1
  0x00000159e09d0e1f:   e3 03 48 8b 5b 10 48 85 db 0f 84 10 00 00 00 41
  0x00000159e09d0e2f:   80 bf 80 06 00 00 00 74 03 ff 63 38 ff 63 50 e9
  0x00000159e09d0e3f:   9d e8 01 00 66 66 66 0f 1f 84 00 00 00 00 00 66
  0x00000159e09d0e4f:   66 66 90 66 66 0f 1f 84 00 00 00 00 00 66 66 66
  0x00000159e09d0e5f:   90 48 8b 53 08 0f b7 52 2e 48 8b 0c d4 58 5b 50
  0x00000159e09d0e6f:   44 8b 51 08 41 bb 00 00 00 2c 4d 03 d3 4c 8b 5b
  0x00000159e09d0e7f:   10 4b 8b 9c da d8 01 00 00 48 85 db 0f 84 10 00
  0x00000159e09d0e8f:   00 00 41 80 bf 80 06 00 00 00 74 03 ff 63 38 ff
  0x00000159e09d0e9f:   63 50 e9 3a e8 01 00 66 66 66 0f 1f 84 00 00 00
  0x00000159e09d0eaf:   00 00 66 66 66 90 66 66 66 0f 1f 84 00 00 00 00
  0x00000159e09d0ebf:   00 58 5b 50 8b 5b 24 48 c1 e3 03 48 8b 5b 10 48
  0x00000159e09d0ecf:   85 db 0f 84 10 00 00 00 41 80 bf 80 06 00 00 00
  0x00000159e09d0edf:   74 03 ff 63 38 ff 63 50 e9 f4 e7 01 00 66 66 66
  0x00000159e09d0eef:   0f 1f 84 00 00 00 00 00 66 66 66 90 0f 1f 44 00
  0x00000159e09d0eff:   00 48 8b 53 08 0f b7 52 2e 48 8b 0c d4 58 5b 50
=>0x00000159e09d0f0f:   48 3b 01 8b 5b 24 48 c1 e3 03 48 8b 5b 10 48 85
  0x00000159e09d0f1f:   db 0f 84 10 00 00 00 41 80 bf 80 06 00 00 00 74
  0x00000159e09d0f2f:   03 ff 63 38 ff 63 50 e9 a5 e7 01 00 0f 1f 44 00
  0x00000159e09d0f3f:   00 48 8b 53 08 0f b7 52 2e 48 8b 0c d4 58 5b 50
  0x00000159e09d0f4f:   44 8b 51 08 41 bb 00 00 00 2c 4d 03 d3 8b 43 18
  0x00000159e09d0f5f:   48 c1 e0 03 48 8b 40 10 48 8b 5b 10 45 8b 9a b8
  0x00000159e09d0f6f:   00 00 00 4f 8d 9c da d8 01 00 00 4d 8d 14 da 49
  0x00000159e09d0f7f:   8b 1b 48 3b c3 74 15 48 85 db 0f 84 32 00 00 00
  0x00000159e09d0f8f:   49 83 c3 10 49 8b 1b 48 3b c3 75 eb 45 8b 5b 08
  0x00000159e09d0f9f:   4b 8b 1c 1a 48 85 db 0f 84 10 00 00 00 41 80 bf
  0x00000159e09d0faf:   80 06 00 00 00 74 03 ff 63 38 ff 63 50 e9 1f e7
  0x00000159e09d0fbf:   01 00 e9 1a ea 01 00 f4 00 00 00 00 00 00 00 00
  0x00000159e09d0fcf:   00 00 00 00 00 00 00 00 00 00 00 00 00 00 00 00
  0x00000159e09d0fdf:   00 00 00 00 00 00 00 00 00 00 00 00 00 00 00 00
  0x00000159e09d0fef:   00 00 00 00 00 00 00 00 00 00 00 00 00 00 00 00
  0x00000159e09d0fff:   00 00 00 00 00 00 00 00 00 00 00 00 00 00 00 00


Stack slot to memory mapping:

stack at sp + 0 slots: 0x00000159e09a9346 is at code_begin+3174 in an Interpreter codelet
return entry points  [0x00000159e09a86e0, 0x00000159e09aa5e8]  7944 bytes
stack at sp + 1 slots: 0xfffffffffffffff7 is an unknown value
stack at sp + 2 slots: 0x000000002c841e9f is pointing into metadata
stack at sp + 3 slots: 0x0000000000000004 is an unknown value
stack at sp + 4 slots: 0x000000002c2137e8 is pointing into metadata
stack at sp + 5 slots: 0x0000000601393558 is an oop: java.lang.String 
{0x0000000601393558} - klass: 'java/lang/String' - flags: 

 - string: "java."
 - ---- fields (total size 3 words):
 - private 'hash' 'I' @12  100899404 (0x06039a4c)
 - private final 'coder' 'B' @16  0 (0x00)
 - private 'hashIsZero' 'Z' @17  false (0x00)
 - injected 'flags' 'B' @18  1 (0x01)
 - private final 'value' '[B' @20  [B{0x0000000601393f00} (0xc02727e0)
stack at sp + 6 slots: 0x00000006010cbea0 is an oop: java.lang.Class 
{0x00000006010cbea0} - klass: 'java/lang/Class' - flags: 

 - ---- fields (total size 15 words):
 - private volatile transient 'classRedefinedCount' 'I' @12  0 (0x00000000)
 - injected 'klass' 'J' @16  740373976 (0x000000002c2135d8)
 - injected 'array_klass' 'J' @24  0 (0x0000000000000000)
 - injected 'oop_size' 'I' @32  15 (0x0000000f)
 - injected 'static_oop_field_count' 'I' @36  0 (0x00000000)
 - private final transient 'modifiers' 'C' @40    16 (0x0010)
 - private final transient 'primitive' 'Z' @42  false (0x00)
 - private volatile transient 'cachedConstructor' 'Ljava/lang/reflect/Constructor;' @44  null (0x00000000)
 - private transient 'name' 'Ljava/lang/String;' @48  null (0x00000000)
 - private transient 'module' 'Ljava/lang/Module;' @52  a 'java/lang/Module'{0x000000060109be10} (0xc02137c2)
 - private final 'classLoader' 'Ljava/lang/ClassLoader;' @56  null (0x00000000)
 - private transient 'classData' 'Ljava/lang/Object;' @60  null (0x00000000)
 - private transient 'signers' '[Ljava/lang/Object;' @64  null (0x00000000)
 - private transient 'packageName' 'Ljava/lang/String;' @68  null (0x00000000)
 - private final transient 'componentType' 'Ljava/lang/Class;' @72  null (0x00000000)
 - private final transient 'protectionDomain' 'Ljava/security/ProtectionDomain;' @76  null (0x00000000)
 - private volatile transient 'reflectionData' 'Ljava/lang/ref/SoftReference;' @80  null (0x00000000)
 - private volatile transient 'genericInfo' 'Lsun/reflect/generics/repository/ClassRepository;' @84  null (0x00000000)
 - private volatile transient 'enumConstants' '[Ljava/lang/Object;' @88  null (0x00000000)
 - private volatile transient 'enumConstantDirectory' 'Ljava/util/Map;' @92  null (0x00000000)
 - private volatile transient 'annotationData' 'Ljava/lang/Class$AnnotationData;' @96  null (0x00000000)
 - private volatile transient 'annotationType' 'Lsun/reflect/annotation/AnnotationType;' @100  null (0x00000000)
 - transient 'classValueMap' 'Ljava/lang/ClassValue$ClassValueMap;' @104  null (0x00000000)
 - injected 'source_file' 'Ljava/lang/Object;' @108  null (0x00000000)
 - injected '<init_lock>' 'Ljava/lang/Object;' @112  null (0x00000000)
 - signature: Ljava/lang/invoke/DirectMethodHandle$Holder;
 - ---- static fields (0):
stack at sp + 7 slots: {method} {0x000000002c215510} 'newInvokeSpecial' '(Ljava/lang/Object;)Ljava/lang/Object;' in 'java/lang/invoke/DirectMethodHandle$Holder'

Lock stack of current Java thread (top to bottom):

MethodHandle::interpreter_entry::_linkToSpecial [0x00000159e09d0eec, 0x00000159e09d0f3b] (79 bytes)
[MachCode]
  0x00000159e09d0eec: 6666 660f | 1f84 0000 | 0000 0066 | 6666 900f | 1f44 0000 | 488b 5308 | 0fb7 522e | 488b 0cd4 
  0x00000159e09d0f0c: 585b 5048 | 3b01 8b5b | 2448 c1e3 | 0348 8b5b | 1048 85db | 0f84 1000 | 0000 4180 | bf80 0600 
  0x00000159e09d0f2c: 0000 7403 | ff63 38ff | 6350 e9a5 | 
[/MachCode]

---------------  P R O C E S S  ---------------

Threads class SMR info:
_java_thread_list=0x00000159f79a8340, length=27, elements={
0x00000159eddb7fa0, 0x00000159eddb88b0, 0x00000159eddbb920, 0x00000159eddbe4f0,
0x00000159eddbf400, 0x00000159eddc1fd0, 0x00000159eddc3940, 0x00000159f07fd460,
0x00000159f07fe260, 0x00000159f0803070, 0x00000159f080f040, 0x00000159f53b8b60,
0x00000159f56e9b00, 0x00000159f57028e0, 0x00000159f578a8d0, 0x00000159f5bbc620,
0x00000159f5bd31b0, 0x00000159f68d1ab0, 0x00000159f6a64130, 0x00000159f6a63190,
0x00000159f68d3220, 0x00000159f6bf86e0, 0x00000159f6352fd0, 0x00000159f73be480,
0x00000159f6bf7740, 0x00000159f73f9d70, 0x00000159f634f920
}

Java Threads: ( => current thread )
  0x00000159eddb7fa0 JavaThread "Reference Handler"          daemon [_thread_blocked, id=7588, stack(0x00000017a8100000,0x00000017a8200000) (1024K)]
  0x00000159eddb88b0 JavaThread "Finalizer"                  daemon [_thread_blocked, id=14724, stack(0x00000017a8200000,0x00000017a8300000) (1024K)]
  0x00000159eddbb920 JavaThread "Signal Dispatcher"          daemon [_thread_blocked, id=11620, stack(0x00000017a8300000,0x00000017a8400000) (1024K)]
  0x00000159eddbe4f0 JavaThread "Attach Listener"            daemon [_thread_blocked, id=4572, stack(0x00000017a8400000,0x00000017a8500000) (1024K)]
  0x00000159eddbf400 JavaThread "Service Thread"             daemon [_thread_blocked, id=8040, stack(0x00000017a8500000,0x00000017a8600000) (1024K)]
  0x00000159eddc1fd0 JavaThread "Monitor Deflation Thread"   daemon [_thread_blocked, id=3988, stack(0x00000017a8600000,0x00000017a8700000) (1024K)]
  0x00000159eddc3940 JavaThread "C1 CompilerThread0"         daemon [_thread_blocked, id=15248, stack(0x00000017a8700000,0x00000017a8800000) (1024K)]
  0x00000159f07fd460 JavaThread "JDWP Transport Listener: dt_socket" daemon [_thread_blocked, id=13768, stack(0x00000017a8a00000,0x00000017a8b00000) (1024K)]
  0x00000159f07fe260 JavaThread "JDWP Event Helper Thread"   daemon [_thread_blocked, id=15932, stack(0x00000017a8b00000,0x00000017a8c00000) (1024K)]
  0x00000159f0803070 JavaThread "JDWP Command Reader"        daemon [_thread_in_native, id=4028, stack(0x00000017a8c00000,0x00000017a8d00000) (1024K)]
  0x00000159f080f040 JavaThread "Common-Cleaner"             daemon [_thread_blocked, id=7968, stack(0x00000017a8d00000,0x00000017a8e00000) (1024K)]
  0x00000159f53b8b60 JavaThread "Notification Thread"        daemon [_thread_blocked, id=10120, stack(0x00000017a8e00000,0x00000017a8f00000) (1024K)]
  0x00000159f56e9b00 JavaThread "RMI TCP Accept-0"           daemon [_thread_in_native, id=11608, stack(0x00000017a8f00000,0x00000017a9000000) (1024K)]
  0x00000159f57028e0 JavaThread "RMI TCP Accept-52726"       daemon [_thread_in_native, id=13436, stack(0x00000017a9000000,0x00000017a9100000) (1024K)]
  0x00000159f578a8d0 JavaThread "RMI TCP Accept-0"           daemon [_thread_in_native, id=14360, stack(0x00000017a9100000,0x00000017a9200000) (1024K)]
  0x00000159f5bbc620 JavaThread "RMI Scheduler(0)"           daemon [_thread_blocked, id=9312, stack(0x00000017a9d00000,0x00000017a9e00000) (1024K)]
  0x00000159f5bd31b0 JavaThread "JMX server connection timeout 46" daemon [_thread_blocked, id=14640, stack(0x00000017a9f00000,0x00000017aa000000) (1024K)]
  0x00000159f68d1ab0 JavaThread "DestroyJavaVM"                     [_thread_blocked, id=11724, stack(0x00000017a7900000,0x00000017a7a00000) (1024K)]
  0x00000159f6a64130 JavaThread "oracle.jdbc.diagnostics.Diagnostic.CLOCK" daemon [_thread_blocked, id=5508, stack(0x00000017a7600000,0x00000017a7700000) (1024K)]
  0x00000159f6a63190 JavaThread "oracle.jdbc.driver.BlockSource.ThreadedCachingBlockSource.BlockReleaser" daemon [_thread_blocked, id=6044, stack(0x00000017a7700000,0x00000017a7800000) (1024K)]
  0x00000159f68d3220 JavaThread "InterruptTimer"             daemon [_thread_blocked, id=17336, stack(0x00000017a8800000,0x00000017a8900000) (1024K)]
  0x00000159f6bf86e0 JavaThread "RMI TCP Connection(116)-127.0.0.1" daemon [_thread_in_native, id=8548, stack(0x00000017aaf00000,0x00000017ab000000) (1024K)]
  0x00000159f6352fd0 JavaThread "Thread-83"                         [_thread_blocked, id=10860, stack(0x00000017a8900000,0x00000017a8a00000) (1024K)]
=>0x00000159f73be480 JavaThread "restartedMain"                     [_thread_in_Java, id=13172, stack(0x00000017a9200000,0x00000017a9300000) (1024K)]
  0x00000159f6bf7740 JavaThread "Catalina-utility-1"                [_thread_blocked, id=7316, stack(0x00000017aa000000,0x00000017aa100000) (1024K)]
  0x00000159f73f9d70 JavaThread "Catalina-utility-2"                [_thread_blocked, id=12416, stack(0x00000017aa200000,0x00000017aa300000) (1024K)]
  0x00000159f634f920 JavaThread "container-0"                       [_thread_blocked, id=14632, stack(0x00000017aa300000,0x00000017aa400000) (1024K)]
Total: 27

Other Threads:
  0x00000159edda36d0 VMThread "VM Thread"                           [id=1352, stack(0x00000017a8000000,0x00000017a8100000) (1024K)]
  0x00000159edd93190 WatcherThread "VM Periodic Task Thread"        [id=16916, stack(0x00000017a7f00000,0x00000017a8000000) (1024K)]
  0x00000159dcd19d50 WorkerThread "GC Thread#0"                     [id=2416, stack(0x00000017a7a00000,0x00000017a7b00000) (1024K)]
  0x00000159f59402c0 WorkerThread "GC Thread#1"                     [id=10196, stack(0x00000017a9300000,0x00000017a9400000) (1024K)]
  0x00000159f59406f0 WorkerThread "GC Thread#2"                     [id=12264, stack(0x00000017a9400000,0x00000017a9500000) (1024K)]
  0x00000159f5941b30 WorkerThread "GC Thread#3"                     [id=3872, stack(0x00000017a9500000,0x00000017a9600000) (1024K)]
  0x00000159f5941f60 WorkerThread "GC Thread#4"                     [id=5128, stack(0x00000017a9600000,0x00000017a9700000) (1024K)]
  0x00000159f5942390 WorkerThread "GC Thread#5"                     [id=10888, stack(0x00000017a9700000,0x00000017a9800000) (1024K)]
  0x00000159f59437d0 WorkerThread "GC Thread#6"                     [id=5312, stack(0x00000017a9800000,0x00000017a9900000) (1024K)]
  0x00000159f594bc20 WorkerThread "GC Thread#7"                     [id=6152, stack(0x00000017a9900000,0x00000017a9a00000) (1024K)]
  0x00000159edc14070 ConcurrentGCThread "G1 Main Marker"            [id=4612, stack(0x00000017a7b00000,0x00000017a7c00000) (1024K)]
  0x00000159edc15a20 WorkerThread "G1 Conc#0"                       [id=12280, stack(0x00000017a7c00000,0x00000017a7d00000) (1024K)]
  0x00000159f59c2420 WorkerThread "G1 Conc#1"                       [id=8292, stack(0x00000017aa100000,0x00000017aa200000) (1024K)]
  0x00000159edc683a0 ConcurrentGCThread "G1 Refine#0"               [id=16948, stack(0x00000017a7d00000,0x00000017a7e00000) (1024K)]
  0x00000159edc68fb0 ConcurrentGCThread "G1 Service"                [id=15740, stack(0x00000017a7e00000,0x00000017a7f00000) (1024K)]
Total: 15

Threads with active compile tasks:
Total: 0

VM state: not at safepoint (normal execution)

VM Mutex/Monitor currently owned by a thread: None

Heap address: 0x0000000601000000, size: 8176 MB, Compressed Oops mode: Zero based, Oop shift amount: 3

CDS archive(s) mapped at: [0x000000002c000000-0x000000002cdc0000-0x000000002cdc0000), size 14417920, SharedBaseAddress: 0x000000002c000000, ArchiveRelocationMode: 1.
Compressed class space mapped at: 0x000000002d000000-0x000000006d000000, reserved size: 1073741824
UseCompressedClassPointers 1, UseCompactObjectHeaders 0
Narrow klass pointer bits 32, Max shift 3
Narrow klass base: 0x000000002c000000, Narrow klass shift: 0
Encoding Range: [0x000000002c000000 - 0x000000012c000000), (4294967296 bytes)
Klass Range:    [0x000000002c010000 - 0x000000006d000000), (1090453504 bytes)
Klass ID Range:  [65536 - 1090519033) (1090453497)
Protection zone: [0x000000002c000000 - 0x000000002c010000), (65536 bytes)

GC Precious Log:
 CardTable entry size: 512
 Card Set container configuration: InlinePtr #cards 4 size 8 Array Of Cards #cards 32 size 80 Howl #buckets 8 coarsen threshold 7372 Howl Bitmap #cards 1024 size 144 coarsen threshold 921 Card regions per heap region 1 cards per card region 8192
 CPUs: 8 total, 8 available
 Memory: 32700M
 Large Page Support: Disabled
 NUMA Support: Disabled
 Compressed Oops: Enabled (Zero based)
 Heap Region Size: 4M
 Heap Min Capacity: 8M
 Heap Initial Capacity: 512M
 Heap Max Capacity: 8176M
 Pre-touch: Disabled
 Parallel Workers: 8
 Concurrent Workers: 2
 Concurrent Refinement Workers: 8
 Periodic GC: Disabled

Heap:
 garbage-first heap   total reserved 8372224K, committed 81920K, used 59858K [0x0000000601000000, 0x0000000800000000)
  region size 4096K, 10 young (40960K), 0 survivors (0K)

Heap Regions: E=young(eden), S=young(survivor), O=old, HS=humongous(starts), HC=humongous(continues), CS=collection set, F=free, TAMS=top-at-mark-start, PB=parsable bottom
|   0|0x0000000601000000, 0x00000006013fffd8, 0x0000000601400000| 99%| O|  |TAMS 0x0000000601000000| PB 0x0000000601000000| Untracked |  0
|   1|0x0000000601400000, 0x00000006017ffef0, 0x0000000601800000| 99%| O|  |TAMS 0x0000000601400000| PB 0x0000000601400000| Untracked |  0
|   2|0x0000000601800000, 0x0000000601bffff8, 0x0000000601c00000| 99%| O|  |TAMS 0x0000000601800000| PB 0x0000000601800000| Untracked |  0
|   3|0x0000000601c00000, 0x0000000601ffffe0, 0x0000000602000000| 99%| O|  |TAMS 0x0000000601c00000| PB 0x0000000601c00000| Untracked |  0
|   4|0x0000000602000000, 0x00000006023fff90, 0x0000000602400000| 99%| O|  |TAMS 0x0000000602000000| PB 0x0000000602000000| Untracked |  0
|   5|0x0000000602400000, 0x000000060244e140, 0x0000000602800000|  7%| O|  |TAMS 0x0000000602400000| PB 0x0000000602400000| Untracked |  0
|   6|0x0000000602800000, 0x0000000602a26aa8, 0x0000000602c00000| 53%| O|  |TAMS 0x0000000602800000| PB 0x0000000602800000| Untracked |  0
|   7|0x0000000602c00000, 0x0000000602c00000, 0x0000000603000000|  0%| F|  |TAMS 0x0000000602c00000| PB 0x0000000602c00000| Untracked |  0
|   8|0x0000000603000000, 0x0000000603000000, 0x0000000603400000|  0%| F|  |TAMS 0x0000000603000000| PB 0x0000000603000000| Untracked |  0
|   9|0x0000000603400000, 0x0000000603400000, 0x0000000603800000|  0%| F|  |TAMS 0x0000000603400000| PB 0x0000000603400000| Untracked |  0
|  10|0x0000000603800000, 0x0000000603a74688, 0x0000000603c00000| 61%| E|  |TAMS 0x0000000603800000| PB 0x0000000603800000| Complete |  0
|  11|0x0000000603c00000, 0x0000000604000000, 0x0000000604000000|100%| E|CS|TAMS 0x0000000603c00000| PB 0x0000000603c00000| Complete |  0
|  12|0x0000000604000000, 0x0000000604400000, 0x0000000604400000|100%| E|CS|TAMS 0x0000000604000000| PB 0x0000000604000000| Complete |  0
|  13|0x0000000604400000, 0x0000000604800000, 0x0000000604800000|100%| E|CS|TAMS 0x0000000604400000| PB 0x0000000604400000| Complete |  0
|  14|0x0000000604800000, 0x0000000604c00000, 0x0000000604c00000|100%| E|CS|TAMS 0x0000000604800000| PB 0x0000000604800000| Complete |  0
|  15|0x0000000604c00000, 0x0000000605000000, 0x0000000605000000|100%| E|CS|TAMS 0x0000000604c00000| PB 0x0000000604c00000| Complete |  0
|  16|0x0000000605000000, 0x0000000605400000, 0x0000000605400000|100%| E|CS|TAMS 0x0000000605000000| PB 0x0000000605000000| Complete |  0
|  17|0x0000000605400000, 0x0000000605800000, 0x0000000605800000|100%| E|CS|TAMS 0x0000000605400000| PB 0x0000000605400000| Complete |  0
|  18|0x0000000605800000, 0x0000000605c00000, 0x0000000605c00000|100%| E|CS|TAMS 0x0000000605800000| PB 0x0000000605800000| Complete |  0
|  19|0x0000000605c00000, 0x0000000606000000, 0x0000000606000000|100%| E|CS|TAMS 0x0000000605c00000| PB 0x0000000605c00000| Complete |  0

Card table byte_map: [0x00000159e4bc0000,0x00000159e5bc0000] _byte_map_base: 0x00000159e1bb8000

Marking Bits: (CMBitMap*) 0x00000159dcd1a4e0
 Bits: [0x00000159e5bc0000, 0x00000159edb80000)

Polling page: 0x00000159dc440000

Metaspace:
Metaspace        used 61583K, committed 62720K, reserved 1114112K
 class space     used 8253K, committed 8704K, reserved 1048576K

Usage:
  Non-class:     52.08 MB used.
      Class:      8.06 MB used.
       Both:     60.14 MB used.

Virtual space:
  Non-class space:       64.00 MB reserved,      52.75 MB ( 82%) committed,  1 nodes.
      Class space:        1.00 GB reserved,       8.50 MB ( <1%) committed,  1 nodes.
             Both:        1.06 GB reserved,      61.25 MB (  6%) committed. 

Chunk freelists:
   Non-Class:  11.45 MB
       Class:  7.53 MB
        Both:  18.98 MB

MaxMetaspaceSize: unlimited
CompressedClassSpaceSize: 1.00 GB
Initial GC threshold: 21.00 MB
Current GC threshold: 102.19 MB
CDS: on
 - commit_granule_bytes: 65536.
 - commit_granule_words: 8192.
 - virtual_space_node_default_size: 8388608.
 - enlarge_chunks_in_place: 1.
UseCompressedClassPointers 1, UseCompactObjectHeaders 0
Narrow klass pointer bits 32, Max shift 3
Narrow klass base: 0x000000002c000000, Narrow klass shift: 0
Encoding Range: [0x000000002c000000 - 0x000000012c000000), (4294967296 bytes)
Klass Range:    [0x000000002c010000 - 0x000000006d000000), (1090453504 bytes)
Klass ID Range:  [65536 - 1090519033) (1090453497)
Protection zone: [0x000000002c000000 - 0x000000002c010000), (65536 bytes)


Internal statistics:

num_allocs_failed_limit: 12.
num_arena_births: 2346.
num_arena_deaths: 1624.
num_vsnodes_births: 2.
num_vsnodes_deaths: 0.
num_space_committed: 982.
num_space_uncommitted: 2.
num_chunks_returned_to_freelist: 2277.
num_chunks_taken_from_freelist: 5189.
num_chunk_merges: 483.
num_chunk_splits: 2883.
num_chunks_enlarged: 2037.
num_inconsistent_stats: 0.

CodeCache: size=49152Kb used=12611Kb max_used=15200Kb free=36540Kb
 bounds [0x00000159e09a0000, 0x00000159e1940000, 0x00000159e39a0000]
 total_blobs=9054, nmethods=8276, adapters=701, full_count=0
Compilation: enabled, stopped_count=0, restarted_count=0

Compilation events (20 events):
Event: 3384.532 Thread 0x00000159f5782a40 nmethod 14663 0x00000159e15e8b08 code [0x00000159e15e8c00, 0x00000159e15e8f20]
Event: 3384.532 Thread 0x00000159f5780a00 nmethod 14665 0x00000159e15e8688 code [0x00000159e15e8780, 0x00000159e15e8aa0]
Event: 3384.532 Thread 0x00000159f5780a00 14667       1       java.lang.invoke.LambdaForm$MH/0x000000002d862c00::invoke (61 bytes)
Event: 3384.532 Thread 0x00000159f577a940 nmethod 14664 0x00000159e15e8208 code [0x00000159e15e8300, 0x00000159e15e8620]
Event: 3384.532 Thread 0x00000159eddc3940 nmethod 14666 0x00000159e15e7c08 code [0x00000159e15e7d00, 0x00000159e15e8020]
Event: 3384.532 Thread 0x00000159f5780a00 nmethod 14667 0x00000159e0bde588 code [0x00000159e0bde680, 0x00000159e0bde9a8]
Event: 3384.540 Thread 0x00000159eddc3940 14668       1       java.util.stream.SortedOps$SizedRefSortingSink::accept (18 bytes)
Event: 3384.540 Thread 0x00000159f5780a00 14669       1       org.springframework.boot.web.servlet.DynamicRegistrationBean::getOrDeduceName (36 bytes)
Event: 3384.540 Thread 0x00000159eddc3940 nmethod 14668 0x00000159e0bde288 code [0x00000159e0bde380, 0x00000159e0bde538]
Event: 3384.540 Thread 0x00000159f5780a00 nmethod 14669 0x00000159e0bddf88 code [0x00000159e0bde080, 0x00000159e0bde218]
Event: 3384.540 Thread 0x00000159f5780a00 14670       1       org.apache.tomcat.util.buf.UDecoder::URLDecode (12 bytes)
Event: 3384.540 Thread 0x00000159f5780a00 nmethod 14670 0x00000159e0bddc88 code [0x00000159e0bddd80, 0x00000159e0bdde60]
Event: 3384.542 Thread 0x00000159eddc3940 14671       1       org.apache.catalina.core.StandardServer::getUtilityExecutor (5 bytes)
Event: 3384.542 Thread 0x00000159eddc3940 nmethod 14671 0x00000159e0bdd988 code [0x00000159e0bdda80, 0x00000159e0bddb48]
Event: 3384.544 Thread 0x00000159eddc3940 14672       1       org.springframework.boot.context.properties.PropertyMapper::getSource (33 bytes)
Event: 3384.544 Thread 0x00000159f5782a40 14673       1       org.springframework.util.function.SingletonSupplier::of (9 bytes)
Event: 3384.544 Thread 0x00000159f577a940 14674       1       org.springframework.util.function.SingletonSupplier::<init> (26 bytes)
Event: 3384.544 Thread 0x00000159f5782a40 nmethod 14673 0x00000159e0bdd588 code [0x00000159e0bdd680, 0x00000159e0bdd978]
Event: 3384.544 Thread 0x00000159f577a940 nmethod 14674 0x00000159e0bdd188 code [0x00000159e0bdd280, 0x00000159e0bdd560]
Event: 3384.544 Thread 0x00000159eddc3940 nmethod 14672 0x00000159e0bdca88 code [0x00000159e0bdcb80, 0x00000159e0bdd150]

GC Heap Usage History (20 events):
Event: 2989.105 {heap Before GC invocations=57 (full 17):
 garbage-first heap   total reserved 8372224K, committed 81920K, used 64062K [0x0000000601000000, 0x0000000800000000)
  region size 4096K, 10 young (40960K), 0 survivors (0K)
}
Event: 2989.108 {heap After GC invocations=58 (full 17):
 garbage-first heap   total reserved 8372224K, committed 81920K, used 27968K [0x0000000601000000, 0x0000000800000000)
  region size 4096K, 2 young (8192K), 2 survivors (8192K)
}
Event: 3106.837 {heap Before GC invocations=58 (full 17):
 garbage-first heap   total reserved 8372224K, committed 81920K, used 60736K [0x0000000601000000, 0x0000000800000000)
  region size 4096K, 10 young (40960K), 2 survivors (8192K)
}
Event: 3106.841 {heap After GC invocations=59 (full 17):
 garbage-first heap   total reserved 8372224K, committed 81920K, used 27551K [0x0000000601000000, 0x0000000800000000)
  region size 4096K, 1 young (4096K), 1 survivors (4096K)
}
Event: 3114.720 {heap Before GC invocations=59 (full 17):
 garbage-first heap   total reserved 8372224K, committed 81920K, used 27551K [0x0000000601000000, 0x0000000800000000)
  region size 4096K, 2 young (8192K), 1 survivors (4096K)
}
Event: 3114.755 {heap After GC invocations=60 (full 18):
 garbage-first heap   total reserved 8372224K, committed 81920K, used 20765K [0x0000000601000000, 0x0000000800000000)
  region size 4096K, 0 young (0K), 0 survivors (0K)
}
Event: 3115.002 {heap Before GC invocations=60 (full 18):
 garbage-first heap   total reserved 8372224K, committed 81920K, used 65821K [0x0000000601000000, 0x0000000800000000)
  region size 4096K, 11 young (45056K), 0 survivors (0K)
}
Event: 3115.005 {heap After GC invocations=61 (full 18):
 garbage-first heap   total reserved 8372224K, committed 81920K, used 26499K [0x0000000601000000, 0x0000000800000000)
  region size 4096K, 2 young (8192K), 2 survivors (8192K)
}
Event: 3183.109 {heap Before GC invocations=61 (full 18):
 garbage-first heap   total reserved 8372224K, committed 81920K, used 59267K [0x0000000601000000, 0x0000000800000000)
  region size 4096K, 11 young (45056K), 2 survivors (8192K)
}
Event: 3183.153 {heap After GC invocations=62 (full 19):
 garbage-first heap   total reserved 8372224K, committed 81920K, used 22974K [0x0000000601000000, 0x0000000800000000)
  region size 4096K, 0 young (0K), 0 survivors (0K)
}
Event: 3183.394 {heap Before GC invocations=62 (full 19):
 garbage-first heap   total reserved 8372224K, committed 81920K, used 59838K [0x0000000601000000, 0x0000000800000000)
  region size 4096K, 10 young (40960K), 0 survivors (0K)
}
Event: 3183.396 {heap After GC invocations=63 (full 19):
 garbage-first heap   total reserved 8372224K, committed 81920K, used 27945K [0x0000000601000000, 0x0000000800000000)
  region size 4096K, 2 young (8192K), 2 survivors (8192K)
}
Event: 3294.888 {heap Before GC invocations=63 (full 19):
 garbage-first heap   total reserved 8372224K, committed 81920K, used 60713K [0x0000000601000000, 0x0000000800000000)
  region size 4096K, 10 young (40960K), 2 survivors (8192K)
}
Event: 3294.892 {heap After GC invocations=64 (full 19):
 garbage-first heap   total reserved 8372224K, committed 81920K, used 27466K [0x0000000601000000, 0x0000000800000000)
  region size 4096K, 1 young (4096K), 1 survivors (4096K)
}
Event: 3311.857 {heap Before GC invocations=64 (full 19):
 garbage-first heap   total reserved 8372224K, committed 81920K, used 27466K [0x0000000601000000, 0x0000000800000000)
  region size 4096K, 2 young (8192K), 1 survivors (4096K)
}
Event: 3311.890 {heap After GC invocations=65 (full 20):
 garbage-first heap   total reserved 8372224K, committed 81920K, used 20794K [0x0000000601000000, 0x0000000800000000)
  region size 4096K, 0 young (0K), 0 survivors (0K)
}
Event: 3312.134 {heap Before GC invocations=65 (full 20):
 garbage-first heap   total reserved 8372224K, committed 81920K, used 65850K [0x0000000601000000, 0x0000000800000000)
  region size 4096K, 11 young (45056K), 0 survivors (0K)
}
Event: 3312.137 {heap After GC invocations=66 (full 20):
 garbage-first heap   total reserved 8372224K, committed 81920K, used 26445K [0x0000000601000000, 0x0000000800000000)
  region size 4096K, 2 young (8192K), 2 survivors (8192K)
}
Event: 3384.296 {heap Before GC invocations=66 (full 20):
 garbage-first heap   total reserved 8372224K, committed 81920K, used 59213K [0x0000000601000000, 0x0000000800000000)
  region size 4096K, 11 young (45056K), 2 survivors (8192K)
}
Event: 3384.334 {heap After GC invocations=67 (full 21):
 garbage-first heap   total reserved 8372224K, committed 81920K, used 22994K [0x0000000601000000, 0x0000000800000000)
  region size 4096K, 0 young (0K), 0 survivors (0K)
}

Metaspace Usage History (20 events):
Event: 2989.105 {metaspace Before GC invocations=57 (full 17):
 Metaspace       used 61679K, committed 62720K, reserved 1114112K
  class space    used 8259K, committed 8704K, reserved 1048576K
}
Event: 2989.108 {metaspace After GC invocations=58 (full 17):
 Metaspace       used 61679K, committed 62720K, reserved 1114112K
  class space    used 8259K, committed 8704K, reserved 1048576K
}
Event: 3106.837 {metaspace Before GC invocations=58 (full 17):
 Metaspace       used 61708K, committed 62720K, reserved 1114112K
  class space    used 8263K, committed 8704K, reserved 1048576K
}
Event: 3106.841 {metaspace After GC invocations=59 (full 17):
 Metaspace       used 61708K, committed 62720K, reserved 1114112K
  class space    used 8263K, committed 8704K, reserved 1048576K
}
Event: 3114.720 {metaspace Before GC invocations=59 (full 17):
 Metaspace       used 61729K, committed 62720K, reserved 1114112K
  class space    used 8264K, committed 8704K, reserved 1048576K
}
Event: 3114.755 {metaspace After GC invocations=60 (full 18):
 Metaspace       used 61362K, committed 62720K, reserved 1114112K
  class space    used 8194K, committed 8704K, reserved 1048576K
}
Event: 3115.002 {metaspace Before GC invocations=60 (full 18):
 Metaspace       used 61557K, committed 62720K, reserved 1114112K
  class space    used 8246K, committed 8704K, reserved 1048576K
}
Event: 3115.005 {metaspace After GC invocations=61 (full 18):
 Metaspace       used 61557K, committed 62720K, reserved 1114112K
  class space    used 8246K, committed 8704K, reserved 1048576K
}
Event: 3183.109 {metaspace Before GC invocations=61 (full 18):
 Metaspace       used 61681K, committed 62720K, reserved 1114112K
  class space    used 8271K, committed 8704K, reserved 1048576K
}
Event: 3183.153 {metaspace After GC invocations=62 (full 19):
 Metaspace       used 61520K, committed 62720K, reserved 1114112K
  class space    used 8237K, committed 8704K, reserved 1048576K
}
Event: 3183.394 {metaspace Before GC invocations=62 (full 19):
 Metaspace       used 61571K, committed 62720K, reserved 1114112K
  class space    used 8250K, committed 8704K, reserved 1048576K
}
Event: 3183.396 {metaspace After GC invocations=63 (full 19):
 Metaspace       used 61571K, committed 62720K, reserved 1114112K
  class space    used 8250K, committed 8704K, reserved 1048576K
}
Event: 3294.888 {metaspace Before GC invocations=63 (full 19):
 Metaspace       used 61602K, committed 62720K, reserved 1114112K
  class space    used 8254K, committed 8704K, reserved 1048576K
}
Event: 3294.892 {metaspace After GC invocations=64 (full 19):
 Metaspace       used 61602K, committed 62720K, reserved 1114112K
  class space    used 8254K, committed 8704K, reserved 1048576K
}
Event: 3311.857 {metaspace Before GC invocations=64 (full 19):
 Metaspace       used 61627K, committed 62720K, reserved 1114112K
  class space    used 8255K, committed 8704K, reserved 1048576K
}
Event: 3311.890 {metaspace After GC invocations=65 (full 20):
 Metaspace       used 61378K, committed 62720K, reserved 1114112K
  class space    used 8195K, committed 8704K, reserved 1048576K
}
Event: 3312.134 {metaspace Before GC invocations=65 (full 20):
 Metaspace       used 61570K, committed 62720K, reserved 1114112K
  class space    used 8246K, committed 8704K, reserved 1048576K
}
Event: 3312.137 {metaspace After GC invocations=66 (full 20):
 Metaspace       used 61570K, committed 62720K, reserved 1114112K
  class space    used 8246K, committed 8704K, reserved 1048576K
}
Event: 3384.296 {metaspace Before GC invocations=66 (full 20):
 Metaspace       used 61680K, committed 62720K, reserved 1114112K
  class space    used 8271K, committed 8704K, reserved 1048576K
}
Event: 3384.334 {metaspace After GC invocations=67 (full 21):
 Metaspace       used 61520K, committed 62720K, reserved 1114112K
  class space    used 8237K, committed 8704K, reserved 1048576K
}

Dll operation events (12 events):
Event: 0.071 Loaded shared library C:\DevPrograms\sts-5.1.1.RELEASE\plugins\org.eclipse.justj.openjdk.hotspot.jre.full.win32.x86_64_25.0.2.v20260203-1141\jre\bin\java.dll
Event: 0.085 Loaded shared library C:\DevPrograms\sts-5.1.1.RELEASE\plugins\org.eclipse.justj.openjdk.hotspot.jre.full.win32.x86_64_25.0.2.v20260203-1141\jre\bin\zip.dll
Event: 0.276 Loaded shared library C:\DevPrograms\sts-5.1.1.RELEASE\plugins\org.eclipse.justj.openjdk.hotspot.jre.full.win32.x86_64_25.0.2.v20260203-1141\jre\bin\instrument.dll
Event: 0.278 Loaded shared library C:\DevPrograms\sts-5.1.1.RELEASE\plugins\org.eclipse.justj.openjdk.hotspot.jre.full.win32.x86_64_25.0.2.v20260203-1141\jre\bin\net.dll
Event: 0.279 Loaded shared library C:\DevPrograms\sts-5.1.1.RELEASE\plugins\org.eclipse.justj.openjdk.hotspot.jre.full.win32.x86_64_25.0.2.v20260203-1141\jre\bin\nio.dll
Event: 0.281 Loaded shared library C:\DevPrograms\sts-5.1.1.RELEASE\plugins\org.eclipse.justj.openjdk.hotspot.jre.full.win32.x86_64_25.0.2.v20260203-1141\jre\bin\zip.dll
Event: 0.356 Loaded shared library C:\DevPrograms\sts-5.1.1.RELEASE\plugins\org.eclipse.justj.openjdk.hotspot.jre.full.win32.x86_64_25.0.2.v20260203-1141\jre\bin\jimage.dll
Event: 0.390 Loaded shared library C:\DevPrograms\sts-5.1.1.RELEASE\plugins\org.eclipse.justj.openjdk.hotspot.jre.full.win32.x86_64_25.0.2.v20260203-1141\jre\bin\management.dll
Event: 0.396 Loaded shared library C:\DevPrograms\sts-5.1.1.RELEASE\plugins\org.eclipse.justj.openjdk.hotspot.jre.full.win32.x86_64_25.0.2.v20260203-1141\jre\bin\management_ext.dll
Event: 0.511 Loaded shared library C:\DevPrograms\sts-5.1.1.RELEASE\plugins\org.eclipse.justj.openjdk.hotspot.jre.full.win32.x86_64_25.0.2.v20260203-1141\jre\bin\extnet.dll
Event: 0.527 Loaded shared library C:\DevPrograms\sts-5.1.1.RELEASE\plugins\org.eclipse.justj.openjdk.hotspot.jre.full.win32.x86_64_25.0.2.v20260203-1141\jre\bin\verify.dll
Event: 1.230 Loaded shared library C:\DevPrograms\sts-5.1.1.RELEASE\plugins\org.eclipse.justj.openjdk.hotspot.jre.full.win32.x86_64_25.0.2.v20260203-1141\jre\bin\sunmscapi.dll

Deoptimization events (20 events):
Event: 3384.546 Thread 0x00000159f73be480 DEOPT PACKING pc=0x00000159e10bc7dc sp=0x00000017a92f9a30
Event: 3384.546 Thread 0x00000159f73be480 DEOPT UNPACKING pc=0x00000159e09f1702 sp=0x00000017a92f8f90 mode 1
Event: 3384.546 Thread 0x00000159f73be480 DEOPT PACKING pc=0x00000159e10bd0fc sp=0x00000017a92f9b50
Event: 3384.546 Thread 0x00000159f73be480 DEOPT UNPACKING pc=0x00000159e09f1702 sp=0x00000017a92f90c0 mode 1
Event: 3384.546 Thread 0x00000159f73be480 DEOPT PACKING pc=0x00000159e10bdc14 sp=0x00000017a92f9c80
Event: 3384.546 Thread 0x00000159f73be480 DEOPT UNPACKING pc=0x00000159e09f1702 sp=0x00000017a92f91e0 mode 1
Event: 3384.546 Thread 0x00000159f73be480 DEOPT PACKING pc=0x00000159e10bc7dc sp=0x00000017a92f9a30
Event: 3384.546 Thread 0x00000159f73be480 DEOPT UNPACKING pc=0x00000159e09f1702 sp=0x00000017a92f8f90 mode 1
Event: 3384.546 Thread 0x00000159f73be480 DEOPT PACKING pc=0x00000159e10bd0fc sp=0x00000017a92f9b50
Event: 3384.546 Thread 0x00000159f73be480 DEOPT UNPACKING pc=0x00000159e09f1702 sp=0x00000017a92f90c0 mode 1
Event: 3384.546 Thread 0x00000159f73be480 DEOPT PACKING pc=0x00000159e10bdc14 sp=0x00000017a92f9c80
Event: 3384.546 Thread 0x00000159f73be480 DEOPT UNPACKING pc=0x00000159e09f1702 sp=0x00000017a92f91e0 mode 1
Event: 3384.546 Thread 0x00000159f73be480 DEOPT PACKING pc=0x00000159e10bc7dc sp=0x00000017a92fb490
Event: 3384.546 Thread 0x00000159f73be480 DEOPT UNPACKING pc=0x00000159e09f1702 sp=0x00000017a92fa9f0 mode 1
Event: 3384.546 Thread 0x00000159f73be480 DEOPT PACKING pc=0x00000159e10bd0fc sp=0x00000017a92fb5b0
Event: 3384.546 Thread 0x00000159f73be480 DEOPT UNPACKING pc=0x00000159e09f1702 sp=0x00000017a92fab20 mode 1
Event: 3384.546 Thread 0x00000159f73be480 DEOPT PACKING pc=0x00000159e10bdc14 sp=0x00000017a92fb6e0
Event: 3384.546 Thread 0x00000159f73be480 DEOPT UNPACKING pc=0x00000159e09f1702 sp=0x00000017a92fac40 mode 1
Event: 3391.259 Thread 0x00000159f73be480 DEOPT PACKING pc=0x00000159e0cf5254 sp=0x00000017a92fdb60
Event: 3391.259 Thread 0x00000159f73be480 DEOPT UNPACKING pc=0x00000159e09f1702 sp=0x00000017a92fd018 mode 0

Classes loaded (20 events):
Event: 2313.698 Loading class sun/security/provider/SecureRandom
Event: 2313.698 Loading class sun/security/provider/SecureRandom done
Event: 2313.698 Loading class sun/security/provider/SecureRandom$SeederHolder
Event: 2313.698 Loading class sun/security/provider/SecureRandom$SeederHolder done
Event: 2600.924 Loading class java/time/DurationEditor
Event: 2600.924 Loading class java/time/DurationEditor done
Event: 2780.853 Loading class java/time/DurationEditor
Event: 2780.853 Loading class java/time/DurationEditor done
Event: 2856.721 Loading class java/lang/invoke/MethodHandleImpl$CountingWrapper$1
Event: 2856.721 Loading class java/lang/invoke/MethodHandleImpl$CountingWrapper$1 done
Event: 3114.911 Loading class java/time/DurationEditor
Event: 3114.911 Loading class java/time/DurationEditor done
Event: 3312.046 Loading class java/time/DurationEditor
Event: 3312.046 Loading class java/time/DurationEditor done
Event: 3384.360 Loading class jdk/internal/classfile/impl/BoundAttribute$1
Event: 3384.360 Loading class jdk/internal/classfile/impl/BoundAttribute$1 done
Event: 3384.362 Loading class jdk/internal/classfile/impl/BoundAttribute$BoundUnknownAttribute
Event: 3384.362 Loading class java/lang/classfile/attribute/UnknownAttribute
Event: 3384.362 Loading class java/lang/classfile/attribute/UnknownAttribute done
Event: 3384.362 Loading class jdk/internal/classfile/impl/BoundAttribute$BoundUnknownAttribute done

Classes unloaded (20 events):
Event: 3384.309 Thread 0x00000159edda36d0 Unloading class 0x000000002d895000 'java/lang/invoke/LambdaForm$MH+0x000000002d895000'
Event: 3384.309 Thread 0x00000159edda36d0 Unloading class 0x000000002d7ccc00 'java/lang/invoke/LambdaForm$MH+0x000000002d7ccc00'
Event: 3384.309 Thread 0x00000159edda36d0 Unloading class 0x000000002d7cc800 'java/lang/invoke/LambdaForm$MH+0x000000002d7cc800'
Event: 3384.309 Thread 0x00000159edda36d0 Unloading class 0x000000002d85ac00 'java/lang/invoke/LambdaForm$MH+0x000000002d85ac00'
Event: 3384.309 Thread 0x00000159edda36d0 Unloading class 0x000000002d668c00 'java/lang/invoke/LambdaForm$MH+0x000000002d668c00'
Event: 3384.309 Thread 0x00000159edda36d0 Unloading class 0x000000002d895800 'java/lang/invoke/LambdaForm$MH+0x000000002d895800'
Event: 3384.309 Thread 0x00000159edda36d0 Unloading class 0x000000002d4b0c00 'java/lang/invoke/LambdaForm$MH+0x000000002d4b0c00'
Event: 3384.309 Thread 0x00000159edda36d0 Unloading class 0x000000002d528c00 'java/lang/invoke/LambdaForm$MH+0x000000002d528c00'
Event: 3384.309 Thread 0x00000159edda36d0 Unloading class 0x000000002d870c00 'java/lang/invoke/LambdaForm$MH+0x000000002d870c00'
Event: 3384.309 Thread 0x00000159edda36d0 Unloading class 0x000000002d69c000 'java/lang/invoke/LambdaForm$MH+0x000000002d69c000'
Event: 3384.309 Thread 0x00000159edda36d0 Unloading class 0x000000002d85a400 'java/lang/invoke/LambdaForm$MH+0x000000002d85a400'
Event: 3384.309 Thread 0x00000159edda36d0 Unloading class 0x000000002d8a3800 'java/lang/invoke/LambdaForm$MH+0x000000002d8a3800'
Event: 3384.309 Thread 0x00000159edda36d0 Unloading class 0x000000002d4b0400 'java/lang/invoke/LambdaForm$MH+0x000000002d4b0400'
Event: 3384.309 Thread 0x00000159edda36d0 Unloading class 0x000000002d89cc00 'java/lang/invoke/LambdaForm$MH+0x000000002d89cc00'
Event: 3384.309 Thread 0x00000159edda36d0 Unloading class 0x000000002d879c00 'java/lang/invoke/LambdaForm$MH+0x000000002d879c00'
Event: 3384.309 Thread 0x00000159edda36d0 Unloading class 0x000000002d490000 'java/lang/invoke/LambdaForm$MH+0x000000002d490000'
Event: 3384.309 Thread 0x00000159edda36d0 Unloading class 0x000000002d1e8400 'java/lang/invoke/LambdaForm$MH+0x000000002d1e8400'
Event: 3384.309 Thread 0x00000159edda36d0 Unloading class 0x000000002d8a4c00 'java/lang/invoke/LambdaForm$MH+0x000000002d8a4c00'
Event: 3384.309 Thread 0x00000159edda36d0 Unloading class 0x000000002d862000 'java/lang/invoke/LambdaForm$MH+0x000000002d862000'
Event: 3384.309 Thread 0x00000159edda36d0 Unloading class 0x000000002d80c000 'java/lang/invoke/LambdaForm$MH+0x000000002d80c000'

Classes redefined (20 events):
Event: 2915.037 Thread 0x00000159edda36d0 redefined class name=com.ktdsuniversity.edu.board.service.BoardServiceImpl, count=4
Event: 2915.037 Thread 0x00000159edda36d0 redefined class name=com.ktdsuniversity.edu.board.service.BoardServiceImpl, count=3
Event: 2915.037 Thread 0x00000159edda36d0 redefined class name=com.ktdsuniversity.edu.board.service.BoardServiceImpl, count=2
Event: 2915.037 Thread 0x00000159edda36d0 redefined class name=com.ktdsuniversity.edu.board.service.BoardServiceImpl, count=13
Event: 2987.930 Thread 0x00000159edda36d0 redefined class name=com.ktdsuniversity.edu.board.service.BoardServiceImpl, count=1
Event: 2987.930 Thread 0x00000159edda36d0 redefined class name=com.ktdsuniversity.edu.board.service.BoardServiceImpl, count=2
Event: 2987.930 Thread 0x00000159edda36d0 redefined class name=com.ktdsuniversity.edu.board.service.BoardServiceImpl, count=5
Event: 2987.930 Thread 0x00000159edda36d0 redefined class name=com.ktdsuniversity.edu.board.service.BoardServiceImpl, count=3
Event: 2987.930 Thread 0x00000159edda36d0 redefined class name=com.ktdsuniversity.edu.board.service.BoardServiceImpl, count=14
Event: 3113.929 Thread 0x00000159edda36d0 redefined class name=com.ktdsuniversity.edu.board.service.BoardServiceImpl, count=2
Event: 3113.929 Thread 0x00000159edda36d0 redefined class name=com.ktdsuniversity.edu.board.service.BoardServiceImpl, count=3
Event: 3113.929 Thread 0x00000159edda36d0 redefined class name=com.ktdsuniversity.edu.board.service.BoardServiceImpl, count=6
Event: 3113.929 Thread 0x00000159edda36d0 redefined class name=com.ktdsuniversity.edu.board.service.BoardServiceImpl, count=1
Event: 3113.929 Thread 0x00000159edda36d0 redefined class name=com.ktdsuniversity.edu.board.service.BoardServiceImpl, count=15
Event: 3182.141 Thread 0x00000159edda36d0 redefined class name=com.ktdsuniversity.edu.board.service.BoardServiceImpl, count=1
Event: 3182.141 Thread 0x00000159edda36d0 redefined class name=com.ktdsuniversity.edu.board.service.BoardServiceImpl, count=2
Event: 3182.141 Thread 0x00000159edda36d0 redefined class name=com.ktdsuniversity.edu.board.service.BoardServiceImpl, count=16
Event: 3310.246 Thread 0x00000159edda36d0 redefined class name=com.ktdsuniversity.edu.board.service.BoardServiceImpl, count=1
Event: 3310.246 Thread 0x00000159edda36d0 redefined class name=com.ktdsuniversity.edu.board.service.BoardServiceImpl, count=2
Event: 3310.246 Thread 0x00000159edda36d0 redefined class name=com.ktdsuniversity.edu.board.service.BoardServiceImpl, count=17

Internal exceptions (20 events):
Event: 3312.063 Thread 0x00000159f6d870a0 Exception <a 'java/io/FileNotFoundException'{0x00000006041b10b0}> (0x00000006041b10b0) 
thrown [s\src\hotspot\share\prims\jni.cpp, line 516]
Event: 3312.067 Thread 0x00000159f6d870a0 Exception <a 'java/io/IOException'{0x000000060427db50}> (0x000000060427db50) 
thrown [s\src\hotspot\share\prims\jni.cpp, line 516]
Event: 3312.067 Thread 0x00000159f6d870a0 Exception <a 'java/io/IOException'{0x000000060427e268}> (0x000000060427e268) 
thrown [s\src\hotspot\share\prims\jni.cpp, line 516]
Event: 3312.067 Thread 0x00000159f6d870a0 Exception <a 'java/io/IOException'{0x000000060427e970}> (0x000000060427e970) 
thrown [s\src\hotspot\share\prims\jni.cpp, line 516]
Event: 3312.070 Thread 0x00000159f6d870a0 Exception <a 'java/io/IOException'{0x00000006042a5ad8}> (0x00000006042a5ad8) 
thrown [s\src\hotspot\share\prims\jni.cpp, line 516]
Event: 3312.070 Thread 0x00000159f6d870a0 Exception <a 'java/io/IOException'{0x00000006042a64e8}> (0x00000006042a64e8) 
thrown [s\src\hotspot\share\prims\jni.cpp, line 516]
Event: 3312.070 Thread 0x00000159f6d870a0 Exception <a 'java/io/IOException'{0x00000006042a6f58}> (0x00000006042a6f58) 
thrown [s\src\hotspot\share\prims\jni.cpp, line 516]
Event: 3312.087 Thread 0x00000159f6d870a0 Exception <a 'java/lang/NoSuchMethodError'{0x0000000603d6cc10}: 'void java.lang.invoke.DirectMethodHandle$Holder.invokeVirtual(java.lang.Object, java.lang.Object, java.lang.Object, java.lang.Object, java.lang.Object)'> (0x0000000603d6cc10) 
thrown [s\src\hotspot\share\interpreter\linkResolver.cpp, line 804]
Event: 3312.171 Thread 0x00000159f6d870a0 Exception <a 'java/io/IOException'{0x0000000604cd26c8}> (0x0000000604cd26c8) 
thrown [s\src\hotspot\share\prims\jni.cpp, line 516]
Event: 3312.171 Thread 0x00000159f6d870a0 Exception <a 'java/io/IOException'{0x0000000604cd95f8}> (0x0000000604cd95f8) 
thrown [s\src\hotspot\share\prims\jni.cpp, line 516]
Event: 3312.236 Thread 0x00000159f6351860 Exception <a 'java/lang/NoSuchMethodError'{0x00000006047f1c28}: static [B.<clinit>()V> (0x00000006047f1c28) 
thrown [s\src\hotspot\share\prims\jni.cpp, line 1106]
Event: 3384.296 Thread 0x00000159f5684de0 Exception <a 'java/lang/InterruptedException'{0x00000006042eb520}: sleep interrupted> (0x00000006042eb520) 
thrown [s\src\hotspot\share\prims\jvm.cpp, line 2904]
Event: 3384.341 Thread 0x00000159f73be480 Exception <a 'sun/nio/fs/WindowsException'{0x0000000605c797c0}> (0x0000000605c797c0) 
thrown [s\src\hotspot\share\prims\jni.cpp, line 516]
Event: 3384.491 Thread 0x00000159f73be480 Exception <a 'java/io/FileNotFoundException'{0x000000060463d7a8}> (0x000000060463d7a8) 
thrown [s\src\hotspot\share\prims\jni.cpp, line 516]
Event: 3384.495 Thread 0x00000159f73be480 Exception <a 'java/io/IOException'{0x000000060470a428}> (0x000000060470a428) 
thrown [s\src\hotspot\share\prims\jni.cpp, line 516]
Event: 3384.495 Thread 0x00000159f73be480 Exception <a 'java/io/IOException'{0x000000060470ab40}> (0x000000060470ab40) 
thrown [s\src\hotspot\share\prims\jni.cpp, line 516]
Event: 3384.496 Thread 0x00000159f73be480 Exception <a 'java/io/IOException'{0x000000060470b248}> (0x000000060470b248) 
thrown [s\src\hotspot\share\prims\jni.cpp, line 516]
Event: 3384.497 Thread 0x00000159f73be480 Exception <a 'java/io/IOException'{0x00000006047103f0}> (0x00000006047103f0) 
thrown [s\src\hotspot\share\prims\jni.cpp, line 516]
Event: 3384.497 Thread 0x00000159f73be480 Exception <a 'java/io/IOException'{0x0000000604710e00}> (0x0000000604710e00) 
thrown [s\src\hotspot\share\prims\jni.cpp, line 516]
Event: 3384.497 Thread 0x00000159f73be480 Exception <a 'java/io/IOException'{0x0000000604711870}> (0x0000000604711870) 
thrown [s\src\hotspot\share\prims\jni.cpp, line 516]

VM Operations (20 events):
Event: 3310.239 Executing safepoint VM operation: RedefineClasses
Event: 3310.258 Executing safepoint VM operation: RedefineClasses done
Event: 3311.857 Executing safepoint VM operation: G1CollectFull (System.gc())
Event: 3311.890 Executing safepoint VM operation: G1CollectFull (System.gc()) done
Event: 3312.134 Executing safepoint VM operation: G1CollectForAllocation (G1 Evacuation Pause)
Event: 3312.137 Executing safepoint VM operation: G1CollectForAllocation (G1 Evacuation Pause) done
Event: 3371.805 Executing non-safepoint VM operation: HandshakeAllThreads (HandshakeForDeflation)
Event: 3371.805 Executing non-safepoint VM operation: HandshakeAllThreads (HandshakeForDeflation) done
Event: 3371.805 Executing non-safepoint VM operation: RendezvousGCThreads
Event: 3371.805 Executing non-safepoint VM operation: RendezvousGCThreads done
Event: 3384.296 Executing safepoint VM operation: G1CollectFull (System.gc())
Event: 3384.334 Executing safepoint VM operation: G1CollectFull (System.gc()) done
Event: 3384.361 Executing non-safepoint VM operation: HandshakeAllThreads (Deoptimize)
Event: 3384.362 Executing non-safepoint VM operation: HandshakeAllThreads (Deoptimize) done
Event: 3384.815 Executing safepoint VM operation: get/set locals
Event: 3384.815 Executing safepoint VM operation: get/set locals done
Event: 3391.259 Executing safepoint VM operation: ChangeSingleStep
Event: 3391.259 Executing safepoint VM operation: ChangeSingleStep done
Event: 3391.259 Executing safepoint VM operation: ChangeSingleStep
Event: 3391.259 Executing safepoint VM operation: ChangeSingleStep done

Memory protections (0 events):
No events

Nmethod flushes (20 events):
Event: 3114.738 Thread 0x00000159edda36d0 flushing  nmethod 0x00000159e1087288
Event: 3114.738 Thread 0x00000159edda36d0 flushing  nmethod 0x00000159e10ea588
Event: 3114.738 Thread 0x00000159edda36d0 flushing  nmethod 0x00000159e10ebe88
Event: 3114.738 Thread 0x00000159edda36d0 flushing  nmethod 0x00000159e10f8388
Event: 3114.738 Thread 0x00000159edda36d0 flushing  nmethod 0x00000159e11c1908
Event: 3114.738 Thread 0x00000159edda36d0 flushing  nmethod 0x00000159e14f3088
Event: 3114.738 Thread 0x00000159edda36d0 flushing  nmethod 0x00000159e16db788
Event: 3183.136 Thread 0x00000159edda36d0 flushing  nmethod 0x00000159e0fed008
Event: 3311.873 Thread 0x00000159edda36d0 flushing  nmethod 0x00000159e0b2cf08
Event: 3311.873 Thread 0x00000159edda36d0 flushing  nmethod 0x00000159e0b2d388
Event: 3311.873 Thread 0x00000159edda36d0 flushing  nmethod 0x00000159e0b2d808
Event: 3311.873 Thread 0x00000159edda36d0 flushing  nmethod 0x00000159e0b2dc88
Event: 3311.874 Thread 0x00000159edda36d0 flushing  nmethod 0x00000159e0b2e108
Event: 3311.874 Thread 0x00000159edda36d0 flushing  nmethod 0x00000159e1536c88
Event: 3311.874 Thread 0x00000159edda36d0 flushing  nmethod 0x00000159e1537088
Event: 3311.874 Thread 0x00000159edda36d0 flushing  nmethod 0x00000159e1537488
Event: 3311.874 Thread 0x00000159edda36d0 flushing  nmethod 0x00000159e1537908
Event: 3311.874 Thread 0x00000159edda36d0 flushing  nmethod 0x00000159e1537d88
Event: 3311.874 Thread 0x00000159edda36d0 flushing  nmethod 0x00000159e1538108
Event: 3311.874 Thread 0x00000159edda36d0 flushing  nmethod 0x00000159e0b2ca08

Events (20 events):
Event: 3384.296 Thread 0x00000159f5684de0 Thread exited: 0x00000159f5684de0
Event: 3384.296 Thread 0x00000159f5686550 Thread exited: 0x00000159f5686550
Event: 3384.296 Thread 0x00000159f50f9f20 Thread exited: 0x00000159f50f9f20
Event: 3384.334 Thread 0x00000159f6352fd0 Thread added: 0x00000159f73c03c0
Event: 3384.334 Thread 0x00000159f73c03c0 Thread exited: 0x00000159f73c03c0
Event: 3384.335 Thread 0x00000159f6352fd0 Thread added: 0x00000159f73be480
Event: 3384.346 Thread 0x00000159eddc3940 Thread added: 0x00000159f5780a00
Event: 3384.346 Thread 0x00000159eddc3940 Thread added: 0x00000159f577a940
Event: 3384.346 Thread 0x00000159eddc3940 Thread added: 0x00000159f5782a40
Event: 3384.370 Thread 0x00000159f73be480 Thread added: 0x00000159f6bf7740
Event: 3384.374 Thread 0x00000159f6bf7740 Thread exited: 0x00000159f6bf7740
Event: 3384.543 Thread 0x00000159f73be480 Thread added: 0x00000159f6bf7740
Event: 3384.543 Thread 0x00000159f6bf7740 Thread added: 0x00000159f73f9d70
Event: 3384.543 Thread 0x00000159f73be480 Thread added: 0x00000159f634f920
Event: 3387.238 Thread 0x00000159f6bf7f10 Thread exited: 0x00000159f6bf7f10
Event: 3389.545 Thread 0x00000159f5782a40 Thread exited: 0x00000159f5782a40
Event: 3389.545 Thread 0x00000159f577a940 Thread exited: 0x00000159f577a940
Event: 3391.304 Thread 0x00000159f6351860 Thread exited: 0x00000159f6351860
Event: 3391.304 Thread 0x00000159f6d86100 Thread exited: 0x00000159f6d86100
Event: 3394.547 Thread 0x00000159f5780a00 Thread exited: 0x00000159f5780a00


Dynamic libraries:
0x00007ff6a93f0000 - 0x00007ff6a93fe000 	C:\DevPrograms\sts-5.1.1.RELEASE\plugins\org.eclipse.justj.openjdk.hotspot.jre.full.win32.x86_64_25.0.2.v20260203-1141\jre\bin\javaw.exe
0x00007ffde1f10000 - 0x00007ffde2108000 	C:\WINDOWS\SYSTEM32\ntdll.dll
0x00007ffde0c20000 - 0x00007ffde0ce2000 	C:\WINDOWS\System32\KERNEL32.DLL
0x00007ffddf750000 - 0x00007ffddfa46000 	C:\WINDOWS\System32\KERNELBASE.dll
0x00007ffddfd80000 - 0x00007ffddfe80000 	C:\WINDOWS\System32\ucrtbase.dll
0x00007ffdb7bd0000 - 0x00007ffdb7be6000 	C:\DevPrograms\sts-5.1.1.RELEASE\plugins\org.eclipse.justj.openjdk.hotspot.jre.full.win32.x86_64_25.0.2.v20260203-1141\jre\bin\jli.dll
0x00007ffdb7bf0000 - 0x00007ffdb7c0e000 	C:\DevPrograms\sts-5.1.1.RELEASE\plugins\org.eclipse.justj.openjdk.hotspot.jre.full.win32.x86_64_25.0.2.v20260203-1141\jre\bin\VCRUNTIME140.dll
0x00007ffde1bd0000 - 0x00007ffde1d71000 	C:\WINDOWS\System32\USER32.dll
0x00007ffddff00000 - 0x00007ffddff22000 	C:\WINDOWS\System32\win32u.dll
0x00007ffdcb620000 - 0x00007ffdcb8bb000 	C:\WINDOWS\WinSxS\amd64_microsoft.windows.common-controls_6595b64144ccf1df_6.0.19041.6456_none_60b8a6cb71f64256\COMCTL32.dll
0x00007ffde07e0000 - 0x00007ffde080b000 	C:\WINDOWS\System32\GDI32.dll
0x00007ffddff30000 - 0x00007ffddffce000 	C:\WINDOWS\System32\msvcrt.dll
0x00007ffddf630000 - 0x00007ffddf749000 	C:\WINDOWS\System32\gdi32full.dll
0x00007ffddfb80000 - 0x00007ffddfc1d000 	C:\WINDOWS\System32\msvcp_win.dll
0x00007ffde05d0000 - 0x00007ffde05ff000 	C:\WINDOWS\System32\IMM32.DLL
0x00007ffdb7bc0000 - 0x00007ffdb7bcc000 	C:\DevPrograms\sts-5.1.1.RELEASE\plugins\org.eclipse.justj.openjdk.hotspot.jre.full.win32.x86_64_25.0.2.v20260203-1141\jre\bin\vcruntime140_1.dll
0x00007ffd66a80000 - 0x00007ffd66b0d000 	C:\DevPrograms\sts-5.1.1.RELEASE\plugins\org.eclipse.justj.openjdk.hotspot.jre.full.win32.x86_64_25.0.2.v20260203-1141\jre\bin\msvcp140.dll
0x00007ffd9aa10000 - 0x00007ffd9b936000 	C:\DevPrograms\sts-5.1.1.RELEASE\plugins\org.eclipse.justj.openjdk.hotspot.jre.full.win32.x86_64_25.0.2.v20260203-1141\jre\bin\server\jvm.dll
0x00007ffde0600000 - 0x00007ffde06b1000 	C:\WINDOWS\System32\ADVAPI32.dll
0x00007ffde1da0000 - 0x00007ffde1e3f000 	C:\WINDOWS\System32\sechost.dll
0x00007ffde06c0000 - 0x00007ffde07e0000 	C:\WINDOWS\System32\RPCRT4.dll
0x00007ffddfb50000 - 0x00007ffddfb77000 	C:\WINDOWS\System32\bcrypt.dll
0x00007ffde0df0000 - 0x00007ffde0e5b000 	C:\WINDOWS\System32\WS2_32.dll
0x00007ffddeb30000 - 0x00007ffddeb7b000 	C:\WINDOWS\SYSTEM32\POWRPROF.dll
0x00007ffdd2b10000 - 0x00007ffdd2b37000 	C:\WINDOWS\SYSTEM32\WINMM.dll
0x00007ffdd9db0000 - 0x00007ffdd9dba000 	C:\WINDOWS\SYSTEM32\VERSION.dll
0x00007ffdde9a0000 - 0x00007ffdde9b2000 	C:\WINDOWS\SYSTEM32\UMPDC.dll
0x00007ffddd430000 - 0x00007ffddd442000 	C:\WINDOWS\SYSTEM32\kernel.appcore.dll
0x00007ffdc5330000 - 0x00007ffdc533a000 	C:\DevPrograms\sts-5.1.1.RELEASE\plugins\org.eclipse.justj.openjdk.hotspot.jre.full.win32.x86_64_25.0.2.v20260203-1141\jre\bin\jimage.dll
0x00007ffdd21b0000 - 0x00007ffdd23b1000 	C:\WINDOWS\SYSTEM32\DBGHELP.DLL
0x00007ffdb66b0000 - 0x00007ffdb66e4000 	C:\WINDOWS\SYSTEM32\dbgcore.DLL
0x00007ffddf5a0000 - 0x00007ffddf622000 	C:\WINDOWS\System32\bcryptPrimitives.dll
0x00007ffdb6f20000 - 0x00007ffdb6f5d000 	C:\DevPrograms\sts-5.1.1.RELEASE\plugins\org.eclipse.justj.openjdk.hotspot.jre.full.win32.x86_64_25.0.2.v20260203-1141\jre\bin\jdwp.dll
0x00007ffddc960000 - 0x00007ffddc96f000 	C:\DevPrograms\sts-5.1.1.RELEASE\plugins\org.eclipse.justj.openjdk.hotspot.jre.full.win32.x86_64_25.0.2.v20260203-1141\jre\bin\instrument.dll
0x00007ffdc4c90000 - 0x00007ffdc4cae000 	C:\DevPrograms\sts-5.1.1.RELEASE\plugins\org.eclipse.justj.openjdk.hotspot.jre.full.win32.x86_64_25.0.2.v20260203-1141\jre\bin\java.dll
0x00007ffde1220000 - 0x00007ffde134b000 	C:\WINDOWS\System32\ole32.dll
0x00007ffde08c0000 - 0x00007ffde0c14000 	C:\WINDOWS\System32\combase.dll
0x00007ffde1350000 - 0x00007ffde1ac0000 	C:\WINDOWS\System32\SHELL32.dll
0x00007ffddd630000 - 0x00007ffddddd5000 	C:\WINDOWS\SYSTEM32\windows.storage.dll
0x00007ffddefd0000 - 0x00007ffddeffb000 	C:\WINDOWS\SYSTEM32\Wldp.dll
0x00007ffde0500000 - 0x00007ffde05cd000 	C:\WINDOWS\System32\OLEAUT32.dll
0x00007ffde0810000 - 0x00007ffde08bd000 	C:\WINDOWS\System32\SHCORE.dll
0x00007ffde04a0000 - 0x00007ffde04fb000 	C:\WINDOWS\System32\shlwapi.dll
0x00007ffddf4d0000 - 0x00007ffddf4f4000 	C:\WINDOWS\SYSTEM32\profapi.dll
0x00007ffdc4b70000 - 0x00007ffdc4b87000 	C:\DevPrograms\sts-5.1.1.RELEASE\plugins\org.eclipse.justj.openjdk.hotspot.jre.full.win32.x86_64_25.0.2.v20260203-1141\jre\bin\zip.dll
0x00007ffdda600000 - 0x00007ffdda60c000 	C:\DevPrograms\sts-5.1.1.RELEASE\plugins\org.eclipse.justj.openjdk.hotspot.jre.full.win32.x86_64_25.0.2.v20260203-1141\jre\bin\dt_socket.dll
0x00007ffdde9c0000 - 0x00007ffdde9fb000 	C:\WINDOWS\SYSTEM32\IPHLPAPI.DLL
0x00007ffdded30000 - 0x00007ffdded9a000 	C:\WINDOWS\system32\mswsock.dll
0x00007ffddea10000 - 0x00007ffddeada000 	C:\WINDOWS\SYSTEM32\DNSAPI.dll
0x00007ffde1060000 - 0x00007ffde1068000 	C:\WINDOWS\System32\NSI.dll
0x00007ffdcb180000 - 0x00007ffdcb18a000 	C:\Windows\System32\rasadhlp.dll
0x00007ffdca8e0000 - 0x00007ffdca960000 	C:\WINDOWS\System32\fwpuclnt.dll
0x00007ffdbb360000 - 0x00007ffdbb371000 	C:\DevPrograms\sts-5.1.1.RELEASE\plugins\org.eclipse.justj.openjdk.hotspot.jre.full.win32.x86_64_25.0.2.v20260203-1141\jre\bin\net.dll
0x00007ffda5b80000 - 0x00007ffda5b96000 	C:\DevPrograms\sts-5.1.1.RELEASE\plugins\org.eclipse.justj.openjdk.hotspot.jre.full.win32.x86_64_25.0.2.v20260203-1141\jre\bin\nio.dll
0x00007ffd9bf40000 - 0x00007ffd9bf4a000 	C:\DevPrograms\sts-5.1.1.RELEASE\plugins\org.eclipse.justj.openjdk.hotspot.jre.full.win32.x86_64_25.0.2.v20260203-1141\jre\bin\management.dll
0x00007ffd9ba00000 - 0x00007ffd9ba0c000 	C:\DevPrograms\sts-5.1.1.RELEASE\plugins\org.eclipse.justj.openjdk.hotspot.jre.full.win32.x86_64_25.0.2.v20260203-1141\jre\bin\management_ext.dll
0x00007ffde1ec0000 - 0x00007ffde1ec8000 	C:\WINDOWS\System32\PSAPI.DLL
0x00007ffdc5310000 - 0x00007ffdc5327000 	C:\WINDOWS\system32\napinsp.dll
0x00007ffdc51e0000 - 0x00007ffdc51fb000 	C:\WINDOWS\system32\pnrpnsp.dll
0x00007ffdc51c0000 - 0x00007ffdc51dd000 	C:\WINDOWS\system32\wshbth.dll
0x00007ffddc940000 - 0x00007ffddc95d000 	C:\WINDOWS\system32\NLAapi.dll
0x00007ffdc51a0000 - 0x00007ffdc51b2000 	C:\WINDOWS\System32\winrnr.dll
0x00007ffddef20000 - 0x00007ffddef38000 	C:\WINDOWS\SYSTEM32\CRYPTSP.dll
0x00007ffdde570000 - 0x00007ffdde5a8000 	C:\WINDOWS\system32\rsaenh.dll
0x00007ffddf450000 - 0x00007ffddf47e000 	C:\WINDOWS\SYSTEM32\USERENV.dll
0x00007ffddef40000 - 0x00007ffddef4c000 	C:\WINDOWS\SYSTEM32\CRYPTBASE.dll
0x00007ffdb7c10000 - 0x00007ffdb7c19000 	C:\DevPrograms\sts-5.1.1.RELEASE\plugins\org.eclipse.justj.openjdk.hotspot.jre.full.win32.x86_64_25.0.2.v20260203-1141\jre\bin\extnet.dll
0x00007ffd67a80000 - 0x00007ffd67a90000 	C:\DevPrograms\sts-5.1.1.RELEASE\plugins\org.eclipse.justj.openjdk.hotspot.jre.full.win32.x86_64_25.0.2.v20260203-1141\jre\bin\verify.dll
0x00007ffd684d0000 - 0x00007ffd684de000 	C:\DevPrograms\sts-5.1.1.RELEASE\plugins\org.eclipse.justj.openjdk.hotspot.jre.full.win32.x86_64_25.0.2.v20260203-1141\jre\bin\sunmscapi.dll
0x00007ffddfc20000 - 0x00007ffddfd7d000 	C:\WINDOWS\System32\CRYPT32.dll
0x00007ffddf040000 - 0x00007ffddf067000 	C:\WINDOWS\SYSTEM32\ncrypt.dll
0x00007ffddf000000 - 0x00007ffddf03b000 	C:\WINDOWS\SYSTEM32\NTASN1.dll
0x00007ffd9bf30000 - 0x00007ffd9bf37000 	C:\WINDOWS\system32\wshunix.dll

JVMTI agents:
jdwp path:C:\DevPrograms\sts-5.1.1.RELEASE\plugins\org.eclipse.justj.openjdk.hotspot.jre.full.win32.x86_64_25.0.2.v20260203-1141\jre\bin\jdwp.dll, loaded, initialized, options:transport=dt_socket,suspend=y,address=localhost:52727
C:\DevPrograms\sts-5.1.1.RELEASE\configuration\org.eclipse.osgi\280\0\.cp\lib\javaagent-shaded.jar path:C:\DevPrograms\sts-5.1.1.RELEASE\plugins\org.eclipse.justj.openjdk.hotspot.jre.full.win32.x86_64_25.0.2.v20260203-1141\jre\bin\instrument.dll, loaded, initialized, instrumentlib options:none

dbghelp: loaded successfully - version: 4.0.5 - missing functions: none
symbol engine: initialized successfully - sym options: 0x614 - pdb path: .;C:\DevPrograms\sts-5.1.1.RELEASE\plugins\org.eclipse.justj.openjdk.hotspot.jre.full.win32.x86_64_25.0.2.v20260203-1141\jre\bin;C:\WINDOWS\SYSTEM32;C:\WINDOWS\WinSxS\amd64_microsoft.windows.common-controls_6595b64144ccf1df_6.0.19041.6456_none_60b8a6cb71f64256;C:\DevPrograms\sts-5.1.1.RELEASE\plugins\org.eclipse.justj.openjdk.hotspot.jre.full.win32.x86_64_25.0.2.v20260203-1141\jre\bin\server

VM Arguments:
jvm_args: -XX:+ShowCodeDetailsInExceptionMessages -agentlib:jdwp=transport=dt_socket,suspend=y,address=localhost:52727 -Dcom.sun.management.jmxremote -Dcom.sun.management.jmxremote.port=52726 -Dcom.sun.management.jmxremote.authenticate=false -Dcom.sun.management.jmxremote.ssl=false -Djava.rmi.server.hostname=localhost -Dspring.jmx.enabled=true -Dmanagement.endpoints.jmx.exposure.include=* -Dspring.application.admin.enabled=true -Dspring.output.ansi.enabled=always -XX:TieredStopAtLevel=1 -Dspring.boot.project.name=hello-spring -javaagent:C:\DevPrograms\sts-5.1.1.RELEASE\configuration\org.eclipse.osgi\280\0\.cp\lib\javaagent-shaded.jar -Dfile.encoding=UTF-8 -Dstdout.encoding=UTF-8 -Dstderr.encoding=UTF-8 
java_command: com.ktdsuniversity.edu.HelloSpringApplication
java_class_path (initial): C:\DevPrograms\sts_workspace\hello-spring\target\classes;C:\Users\User\.m2\repository\org\springframework\boot\spring-boot-starter-webmvc\4.0.4\spring-boot-starter-webmvc-4.0.4.jar;C:\Users\User\.m2\repository\org\springframework\boot\spring-boot-starter\4.0.4\spring-boot-starter-4.0.4.jar;C:\Users\User\.m2\repository\org\springframework\boot\spring-boot-starter-logging\4.0.4\spring-boot-starter-logging-4.0.4.jar;C:\Users\User\.m2\repository\ch\qos\logback\logback-classic\1.5.32\logback-classic-1.5.32.jar;C:\Users\User\.m2\repository\ch\qos\logback\logback-core\1.5.32\logback-core-1.5.32.jar;C:\Users\User\.m2\repository\org\apache\logging\log4j\log4j-to-slf4j\2.25.3\log4j-to-slf4j-2.25.3.jar;C:\Users\User\.m2\repository\org\apache\logging\log4j\log4j-api\2.25.3\log4j-api-2.25.3.jar;C:\Users\User\.m2\repository\org\slf4j\jul-to-slf4j\2.0.17\jul-to-slf4j-2.0.17.jar;C:\Users\User\.m2\repository\jakarta\annotation\jakarta.annotation-api\3.0.0\jakarta.annotation-api-3.0.0.jar;C:\Users\User\.m2\repository\org\yaml\snakeyaml\2.5\snakeyaml-2.5.jar;C:\Users\User\.m2\repository\org\springframework\boot\spring-boot-starter-jackson\4.0.4\spring-boot-starter-jackson-4.0.4.jar;C:\Users\User\.m2\repository\org\springframework\boot\spring-boot-jackson\4.0.4\spring-boot-jackson-4.0.4.jar;C:\Users\User\.m2\repository\tools\jackson\core\jackson-databind\3.1.0\jackson-databind-3.1.0.jar;C:\Users\User\.m2\repository\com\fasterxml\jackson\core\jackson-annotations\2.21\jackson-annotations-2.21.jar;C:\Users\User\.m2\repository\tools\jackson\core\jackson-core\3.1.0\jackson-core-3.1.0.jar;C:\Users\User\.m2\repository\org\springframework\boot\spring-boot-http-converter\4.0.4\spring-boot-http-converter-4.0.4.jar;C:\Users\User\.m2\repository\org\springframework\spring-web\7.0.6\spring-web-7.0.6.jar;C:\Users\User\.m2\repository\org\springframework\spring-beans\7.0.6\spring-beans-7.0.6.jar;C:\Users\User\.m2\repository\io\micrometer\micrometer-observation\1.16.4\micrometer-observation-1.16.4.jar;C:\Users\User\.m2\repository\io\micrometer\micrometer-commons\1.16.4\micrometer-commons-1.16.4.jar;C:\Users\User\.m2\repository\org\springframework\boot\spring-boot-webmvc\4.0.4\spring-boot-webmvc-4.0.4.jar;C:\Users\User\.m2\repository\org\springframework\boot\spring-boot-servlet\4.0.4\spring-boot-servlet-4.0.4.jar;C:\Users\User\.m2\repository\org\springframework\spring-webmvc\7.0.6\spring-webmvc-7.0.6.jar;C:\Users\User\.m2\repository\org\springframework\spring-aop\7.0.6\spring-aop-7.0.6.jar;C:\Users\User\.m2\repository\org\springframework\spring-expression\7.0.6\spring-expression-7.0.6.jar;C:\Users\User\.m2\repository\org\mybatis\spring\boot\mybatis-spring-boot-starter\4.0.1\mybatis-spring-boot-starter-4.0.1.jar;C:\Users\User\.m2\repository\org\springframework\boot\spring-boot-starter-jdbc\4.0.4\spring-boot-starter-jdbc-4.0.4.jar;C:\Users\User\.m2\repository\org\springframework\boot\spring-boot-jdbc\4.0.4\spring-boot-jdbc-4.0.4.jar;C:\Users\User\.m2\repository\org\springframework\boot\spring-boot-sql\4.0.4\spring-boot-sql-4.0.4.jar;C:\Users\User\.m2\repository\org\springframework\boot\spring-boot-transaction\4.0.4\spring-boot-transaction-4.0.4.jar;C:\Users\User\.m2\repository\org\springframework\boot\spring-boot-persistence\4.0.4\spring-boot-persistence-4.0.4.jar;C:\Users\User\.m2\repository\org\springframework\spring-jdbc\7.0.6\spring-jdbc-7.0.6.jar;C:\Users\User\.m2\repository\com\zaxxer\HikariCP\7.0.2\HikariCP-7.0.2.jar;C:\Users\User\.m2\repository\org\slf4j\slf4j-api\2.0.17\slf4j-api-2.0.17.jar;C:\Users\User\.m2\repository\org\mybatis\spring\boot\mybatis-spring-boot-autoconfigure\4.0.1\mybatis-spring-boot-autoconfigure-4.0.1.jar;C:\Users\User\.m2\repository\org\mybatis\mybatis\3.5.19\mybatis-3.5.19.jar;C:\Users\User\.m2\repository\org\mybatis\mybatis-spring\4.0.0\mybatis-spring-4.0.0.jar;C:\Users\User\.m2\repository\org\springframework\boot\spring-boot-devtools\4.0.4\spring-boot-devtools-4.0.4.jar;C:\Users\User\.m2\repository\org\springframework\boot\spring-boot\4.0.4\spring-boot-4.0.4.jar;C:\Users\User\.m2\repository\org\springframework\spring-core\7.0.6\spring-core-7.0.6.jar;C:\Users\User\.m2\repository\commons-logging\commons-logging\1.3.6\commons-logging-1.3.6.jar;C:\Users\User\.m2\repository\org\jspecify\jspecify\1.0.0\jspecify-1.0.0.jar;C:\Users\User\.m2\repository\org\springframework\spring-context\7.0.6\spring-context-7.0.6.jar;C:\Users\User\.m2\repository\org\springframework\boot\spring-boot-autoconfigure\4.0.4\spring-boot-autoconfigure-4.0.4.jar;C:\Users\User\.m2\repository\com\oracle\database\jdbc\ojdbc11\23.9.0.25.07\ojdbc11-23.9.0.25.07.jar;C:\Users\User\.m2\repository\org\springframework\boot\spring-boot-starter-tomcat\4.0.4\spring-boot-starter-tomcat-4.0.4.jar;C:\Users\User\.m2\repository\org\springframework\boot\spring-boot-starter-tomcat-runtime\4.0.4\spring-boot-starter-tomcat-runtime-4.0.4.jar;C:\Users\User\.m2\repository\org\springframework\boot\spring-boot-web-server\4.0.4\spring-boot-web-server-4.0.4.jar;C:\Users\User\.m2\repository\org\apache\tomcat\embed\tomcat-embed-websocket\11.0.18\tomcat-embed-websocket-11.0.18.jar;C:\Users\User\.m2\repository\org\springframework\boot\spring-boot-tomcat\4.0.4\spring-boot-tomcat-4.0.4.jar;C:\Users\User\.m2\repository\org\springframework\spring-tx\7.0.6\spring-tx-7.0.6.jar;C:\Users\User\.m2\repository\org\apache\tomcat\embed\tomcat-embed-jasper\11.0.18\tomcat-embed-jasper-11.0.18.jar;C:\Users\User\.m2\repository\org\apache\tomcat\embed\tomcat-embed-core\11.0.18\tomcat-embed-core-11.0.18.jar;C:\Users\User\.m2\repository\org\apache\tomcat\tomcat-annotations-api\11.0.18\tomcat-annotations-api-11.0.18.jar;C:\Users\User\.m2\repository\org\apache\tomcat\embed\tomcat-embed-el\11.0.18\tomcat-embed-el-11.0.18.jar;C:\Users\User\.m2\repository\org\eclipse\jdt\ecj\3.44.0\ecj-3.44.0.jar;C:\Users\User\.m2\repository\jakarta\servlet\jsp\jstl\jakarta.servlet.jsp.jstl-api\3.0.2\jakarta.servlet.jsp.jstl-api-3.0.2.jar;C:\Users\User\.m2\repository\jakarta\servlet\jakarta.servlet-api\6.1.0\jakarta.servlet-api-6.1.0.jar;C:\Users\User\.m2\repository\jakarta\el\jakarta.el-api\5.0.0\jakarta.el-api-5.0.0.jar;C:\Users\User\.m2\repository\org\glassfish\web\jakarta.servlet.jsp.jstl\3.0.1\jakarta.servlet.jsp.jstl-3.0.1.jar
Launcher Type: SUN_STANDARD

[Global flags]
     intx CICompilerCount                          = 4                                         {product} {ergonomic}
     uint ConcGCThreads                            = 2                                         {product} {ergonomic}
     uint G1ConcRefinementThreads                  = 8                                         {product} {ergonomic}
   size_t G1HeapRegionSize                         = 4194304                                   {product} {ergonomic}
   size_t InitialHeapSize                          = 536870912                                 {product} {ergonomic}
     bool ManagementServer                         = true                                      {product} {command line}
   size_t MarkStackSize                            = 4194304                                   {product} {ergonomic}
   size_t MarkStackSizeMax                         = 536870912                                 {product} {ergonomic}
   size_t MaxHeapSize                              = 8573157376                                {product} {ergonomic}
   size_t MaxNewSize                               = 5142216704                                {product} {ergonomic}
   size_t MinHeapDeltaBytes                        = 4194304                                   {product} {ergonomic}
   size_t MinHeapSize                              = 8388608                                   {product} {ergonomic}
    uintx NonNMethodCodeHeapSize                   = 4096                                   {pd product} {ergonomic}
    uintx NonProfiledCodeHeapSize                  = 0                                      {pd product} {ergonomic}
     bool ProfileInterpreter                       = false                                  {pd product} {command line}
    uintx ProfiledCodeHeapSize                     = 0                                      {pd product} {ergonomic}
     bool ShowCodeDetailsInExceptionMessages       = true                                   {manageable} {command line}
   size_t SoftMaxHeapSize                          = 8573157376                             {manageable} {ergonomic}
     intx TieredStopAtLevel                        = 1                                         {product} {command line}
     bool UseCompressedOops                        = true                           {product lp64_product} {ergonomic}
     bool UseG1GC                                  = true                                      {product} {ergonomic}
     bool UseLargePagesIndividualAllocation        = false                                  {pd product} {ergonomic}

Logging:
Log output configuration:
 #0: stdout all=warning uptime,level,tags foldmultilines=false
 #1: stderr all=off uptime,level,tags foldmultilines=false

Release file:
JAVA_VERSION="25.0.2" 
MODULES="java.base java.compiler java.datatransfer java.xml java.prefs java.desktop java.instrument java.logging java.management java.security.sasl java.naming java.rmi java.management.rmi java.net.http java.scripting java.security.jgss java.transaction.xa java.sql java.sql.rowset java.xml.crypto java.se java.smartcardio jdk.accessibility jdk.internal.jvmstat jdk.attach jdk.charsets jdk.internal.opt jdk.zipfs jdk.compiler jdk.crypto.cryptoki jdk.crypto.ec jdk.crypto.mscapi jdk.dynalink jdk.internal.ed jdk.editpad jdk.internal.vm.ci jdk.graal.compiler jdk.graal.compiler.management jdk.hotspot.agent jdk.httpserver jdk.internal.le jdk.internal.md jdk.jartool jdk.javadoc jdk.jcmd jdk.management jdk.management.agent jdk.jconsole jdk.jdeps jdk.jdwp.agent jdk.jdi jdk.jfr jdk.jshell jdk.jsobject jdk.jstatd jdk.localedata jdk.management.jfr jdk.naming.dns jdk.naming.rmi jdk.net jdk.nio.mapmode jdk.sctp jdk.security.auth jdk.security.jgss jdk.unsupported jdk.unsupported.desktop jdk.xml.dom" 

Environment Variables:
JAVA_HOME=C:\DevPrograms\openjdk-25.0.1_windows-x64_bin\jdk-25.0.1
PATH=C:\DevPrograms\sts-5.1.1.RELEASE\plugins\org.eclipse.justj.openjdk.hotspot.jre.full.win32.x86_64_25.0.2.v20260203-1141\jre\bin;C:/DevPrograms/sts-5.1.1.RELEASE//plugins/org.eclipse.justj.openjdk.hotspot.jre.full.win32.x86_64_25.0.2.v20260203-1141/jre/bin/server;C:/DevPrograms/sts-5.1.1.RELEASE//plugins/org.eclipse.justj.openjdk.hotspot.jre.full.win32.x86_64_25.0.2.v20260203-1141/jre/bin;C:\app\User\product\21c\dbhomeXE\bin;C:\Windows\system32;C:\Windows;C:\Windows\System32\Wbem;C:\Windows\System32\WindowsPowerShell\v1.0\;C:\Windows\System32\OpenSSH\;C:\Program Files (x86)\NVIDIA Corporation\PhysX\Common;C:\Program Files\NVIDIA Corporation\NVIDIA NvDLISR;C:\WINDOWS\system32;C:\WINDOWS;C:\WINDOWS\System32\Wbem;C:\WINDOWS\System32\WindowsPowerShell\v1.0\;C:\WINDOWS\System32\OpenSSH\;C:\DevPrograms\openjdk-25.0.1_windows-x64_bin\jdk-25.0.1\bin;C:\Program Files\Git\cmd;C:\Program Files\PowerShell\7\;C:\Users\User\AppData\Local\Microsoft\WindowsApps;C:\Users\User\AppData\Local\Programs\Microsoft VS Code\bin;C:\DevPrograms\sts-5.1.1.RELEASE;
USERNAME=User
OS=Windows_NT
PROCESSOR_IDENTIFIER=Intel64 Family 6 Model 158 Stepping 13, GenuineIntel
TMP=C:\Users\User\AppData\Local\Temp
TEMP=C:\Users\User\AppData\Local\Temp




Compilation memory statistics disabled.

Periodic native trim disabled

---------------  S Y S T E M  ---------------

OS:
 Windows 10 , 64 bit Build 19041 (10.0.19041.5915)
OS uptime: 0 days 6:02 hours

CPU: total 8 (initial active 8) (8 cores per cpu, 1 threads per core) family 6 model 158 stepping 13 microcode 0xaa, cx8, cmov, fxsr, mmx, 3dnowpref, sse, sse2, sse3, ssse3, sse4.1, sse4.2, popcnt, lzcnt, tsc, tscinvbit, avx, avx2, aes, erms, clmul, bmi1, bmi2, rtm, adx, fma, vzeroupper, clflush, clflushopt, rdtscp, f16c
Processor Information for the first 8 processors :
  Max Mhz: 3000, Current Mhz: 3000, Mhz Limit: 3000

Memory: 4k page, system-wide physical 32700M (20991M free)
TotalPageFile size 34748M (AvailPageFile size 21568M)
current process WorkingSet (physical memory assigned to process): 242M, peak: 268M
current process commit charge ("private bytes"): 274M, peak: 645M

vm_info: OpenJDK 64-Bit Server VM (25.0.2+10-LTS) for windows-amd64 JRE (25.0.2+10-LTS), built on 2026-01-20T00:00:00Z with MS VC++ 17.12 (VS2022)

END.
